The following modules were not unloaded:
  (Use "module --force purge" to unload all):

  1) xalt/1.1.2
2023-04-21 22:59:44.185268: I tensorflow/core/platform/cpu_feature_guard.cc:182] This TensorFlow binary is optimized to use available CPU instructions in performance-critical operations.
To enable the following instructions: AVX2 FMA, in other operations, rebuild TensorFlow with the appropriate compiler flags.
2023-04-21 22:59:45.194025: W tensorflow/compiler/tf2tensorrt/utils/py_utils.cc:38] TF-TRT Warning: Could not find TensorRT
2023-04-21 22:59:49.795244: I tensorflow/core/common_runtime/gpu/gpu_device.cc:1635] Created device /job:localhost/replica:0/task:0/device:GPU:0 with 20607 MB memory:  -> device: 0, name: NVIDIA A10, pci bus id: 0000:25:00.0, compute capability: 8.6
2023-04-21 22:59:49.796339: I tensorflow/core/common_runtime/gpu/gpu_device.cc:1635] Created device /job:localhost/replica:0/task:0/device:GPU:1 with 20607 MB memory:  -> device: 1, name: NVIDIA A10, pci bus id: 0000:81:00.0, compute capability: 8.6
2023-04-21 22:59:49.797217: I tensorflow/core/common_runtime/gpu/gpu_device.cc:1635] Created device /job:localhost/replica:0/task:0/device:GPU:2 with 20607 MB memory:  -> device: 2, name: NVIDIA A10, pci bus id: 0000:e2:00.0, compute capability: 8.6
2023-04-21 22:59:51.192666: I tensorflow/core/common_runtime/executor.cc:1197] [/device:CPU:0] (DEBUG INFO) Executor start aborting (this does not indicate an error and you can ignore this message): INVALID_ARGUMENT: You must feed a value for placeholder tensor 'Placeholder/_1' with dtype string and shape [1]
	 [[{{node Placeholder/_1}}]]
2023-04-21 22:59:51.193185: I tensorflow/core/common_runtime/executor.cc:1197] [/device:CPU:0] (DEBUG INFO) Executor start aborting (this does not indicate an error and you can ignore this message): INVALID_ARGUMENT: You must feed a value for placeholder tensor 'Placeholder/_4' with dtype int64 and shape [1]
	 [[{{node Placeholder/_4}}]]
Epoch 1/200
2023-04-21 23:00:14.634051: I tensorflow/compiler/xla/stream_executor/cuda/cuda_dnn.cc:424] Loaded cuDNN version 8600
2023-04-21 23:00:17.074621: I tensorflow/compiler/xla/service/service.cc:169] XLA service 0x2b607efd2c60 initialized for platform CUDA (this does not guarantee that XLA will be used). Devices:
2023-04-21 23:00:17.074692: I tensorflow/compiler/xla/service/service.cc:177]   StreamExecutor device (0): NVIDIA A10, Compute Capability 8.6
2023-04-21 23:00:17.074698: I tensorflow/compiler/xla/service/service.cc:177]   StreamExecutor device (1): NVIDIA A10, Compute Capability 8.6
2023-04-21 23:00:17.074702: I tensorflow/compiler/xla/service/service.cc:177]   StreamExecutor device (2): NVIDIA A10, Compute Capability 8.6
2023-04-21 23:00:17.091826: I tensorflow/compiler/mlir/tensorflow/utils/dump_mlir_util.cc:269] disabling MLIR crash reproducer, set env var `MLIR_CRASH_REPRODUCER_DIRECTORY` to enable.
2023-04-21 23:00:17.329912: I ./tensorflow/compiler/jit/device_compiler.h:180] Compiled cluster using XLA!  This line is logged at most once for the lifetime of the process.
2023-04-21 23:02:49.785496: I tensorflow/core/common_runtime/executor.cc:1197] [/device:CPU:0] (DEBUG INFO) Executor start aborting (this does not indicate an error and you can ignore this message): INVALID_ARGUMENT: You must feed a value for placeholder tensor 'Placeholder/_4' with dtype int64 and shape [1]
	 [[{{node Placeholder/_4}}]]
2023-04-21 23:02:49.785993: I tensorflow/core/common_runtime/executor.cc:1197] [/device:CPU:0] (DEBUG INFO) Executor start aborting (this does not indicate an error and you can ignore this message): INVALID_ARGUMENT: You must feed a value for placeholder tensor 'Placeholder/_3' with dtype int64 and shape [1]
	 [[{{node Placeholder/_3}}]]
2023-04-21 23:02:50.169906: I tensorflow/core/common_runtime/executor.cc:1197] [/device:CPU:0] (DEBUG INFO) Executor start aborting (this does not indicate an error and you can ignore this message): INVALID_ARGUMENT: You must feed a value for placeholder tensor 'Placeholder/_4' with dtype int64 and shape [1]
	 [[{{node Placeholder/_4}}]]
2023-04-21 23:02:50.170297: I tensorflow/core/common_runtime/executor.cc:1197] [/device:CPU:0] (DEBUG INFO) Executor start aborting (this does not indicate an error and you can ignore this message): INVALID_ARGUMENT: You must feed a value for placeholder tensor 'Placeholder/_0' with dtype string and shape [1]
	 [[{{node Placeholder/_0}}]]
962/962 - 180s - G_loss: 5.9655 - F_loss: 6.3784 - D_X_loss: 0.5714 - D_Y_loss: 0.6910 - lr: 2.0000e-04 - 180s/epoch - 187ms/step
Epoch 2/200
962/962 - 145s - G_loss: 7.3773 - F_loss: 7.8058 - D_X_loss: 0.7594 - D_Y_loss: 0.8156 - lr: 2.0000e-04 - 145s/epoch - 150ms/step
Epoch 3/200
962/962 - 144s - G_loss: 5.2215 - F_loss: 5.6561 - D_X_loss: 0.6238 - D_Y_loss: 0.7566 - lr: 2.0000e-04 - 144s/epoch - 150ms/step
Epoch 4/200
962/962 - 144s - G_loss: 5.8338 - F_loss: 5.4685 - D_X_loss: 0.5788 - D_Y_loss: 0.6181 - lr: 2.0000e-04 - 144s/epoch - 150ms/step
Epoch 5/200
962/962 - 144s - G_loss: 5.1905 - F_loss: 4.8615 - D_X_loss: 0.7099 - D_Y_loss: 0.6625 - lr: 2.0000e-04 - 144s/epoch - 150ms/step
Epoch 6/200
962/962 - 144s - G_loss: 4.4221 - F_loss: 4.8964 - D_X_loss: 0.6524 - D_Y_loss: 0.8239 - lr: 2.0000e-04 - 144s/epoch - 150ms/step
Epoch 7/200
962/962 - 144s - G_loss: 3.9340 - F_loss: 3.9415 - D_X_loss: 0.8741 - D_Y_loss: 0.7237 - lr: 2.0000e-04 - 144s/epoch - 149ms/step
Epoch 8/200
962/962 - 144s - G_loss: 3.9299 - F_loss: 4.3141 - D_X_loss: 0.7746 - D_Y_loss: 0.7165 - lr: 2.0000e-04 - 144s/epoch - 149ms/step
Epoch 9/200
962/962 - 144s - G_loss: 3.8624 - F_loss: 4.1603 - D_X_loss: 0.6652 - D_Y_loss: 0.6528 - lr: 2.0000e-04 - 144s/epoch - 149ms/step
Epoch 10/200
962/962 - 144s - G_loss: 3.6797 - F_loss: 3.8628 - D_X_loss: 0.8169 - D_Y_loss: 0.9867 - lr: 2.0000e-04 - 144s/epoch - 149ms/step
Epoch 11/200
962/962 - 144s - G_loss: 4.5065 - F_loss: 4.7950 - D_X_loss: 0.5786 - D_Y_loss: 0.6473 - lr: 2.0000e-04 - 144s/epoch - 149ms/step
Epoch 12/200
962/962 - 144s - G_loss: 3.5056 - F_loss: 3.5568 - D_X_loss: 0.6776 - D_Y_loss: 0.8206 - lr: 2.0000e-04 - 144s/epoch - 149ms/step
Epoch 13/200
962/962 - 144s - G_loss: 3.9621 - F_loss: 4.2634 - D_X_loss: 0.7397 - D_Y_loss: 0.7120 - lr: 2.0000e-04 - 144s/epoch - 149ms/step
Epoch 14/200
962/962 - 144s - G_loss: 4.2004 - F_loss: 3.7949 - D_X_loss: 0.6177 - D_Y_loss: 0.5949 - lr: 2.0000e-04 - 144s/epoch - 149ms/step
Epoch 15/200
962/962 - 144s - G_loss: 4.4841 - F_loss: 4.0778 - D_X_loss: 0.6987 - D_Y_loss: 0.7537 - lr: 2.0000e-04 - 144s/epoch - 149ms/step
Epoch 16/200
962/962 - 144s - G_loss: 5.0842 - F_loss: 4.6425 - D_X_loss: 0.7373 - D_Y_loss: 0.6533 - lr: 2.0000e-04 - 144s/epoch - 149ms/step
Epoch 17/200
962/962 - 144s - G_loss: 3.5565 - F_loss: 3.9291 - D_X_loss: 0.7888 - D_Y_loss: 0.7751 - lr: 2.0000e-04 - 144s/epoch - 149ms/step
Epoch 18/200
962/962 - 144s - G_loss: 4.3046 - F_loss: 4.2356 - D_X_loss: 0.7544 - D_Y_loss: 0.5128 - lr: 2.0000e-04 - 144s/epoch - 149ms/step
Epoch 19/200
962/962 - 144s - G_loss: 4.4447 - F_loss: 4.4825 - D_X_loss: 0.6541 - D_Y_loss: 0.7146 - lr: 2.0000e-04 - 144s/epoch - 149ms/step
Epoch 20/200
962/962 - 143s - G_loss: 3.6787 - F_loss: 3.9559 - D_X_loss: 0.6142 - D_Y_loss: 0.5446 - lr: 2.0000e-04 - 143s/epoch - 149ms/step
Epoch 21/200
962/962 - 144s - G_loss: 3.2631 - F_loss: 3.2399 - D_X_loss: 0.7291 - D_Y_loss: 0.7096 - lr: 2.0000e-04 - 144s/epoch - 149ms/step
Epoch 22/200
962/962 - 144s - G_loss: 4.3208 - F_loss: 4.3697 - D_X_loss: 0.6472 - D_Y_loss: 0.6489 - lr: 2.0000e-04 - 144s/epoch - 149ms/step
Epoch 23/200
962/962 - 143s - G_loss: 3.6770 - F_loss: 4.0819 - D_X_loss: 0.6818 - D_Y_loss: 0.8014 - lr: 2.0000e-04 - 143s/epoch - 149ms/step
Epoch 24/200
962/962 - 143s - G_loss: 3.1433 - F_loss: 3.2350 - D_X_loss: 0.6082 - D_Y_loss: 0.5602 - lr: 2.0000e-04 - 143s/epoch - 149ms/step
Epoch 25/200
962/962 - 143s - G_loss: 3.3363 - F_loss: 3.5845 - D_X_loss: 0.7093 - D_Y_loss: 0.6794 - lr: 2.0000e-04 - 143s/epoch - 149ms/step
Epoch 26/200
962/962 - 143s - G_loss: 3.1913 - F_loss: 3.5830 - D_X_loss: 0.6729 - D_Y_loss: 0.6365 - lr: 2.0000e-04 - 143s/epoch - 149ms/step
Epoch 27/200
962/962 - 143s - G_loss: 2.8704 - F_loss: 3.0807 - D_X_loss: 0.5461 - D_Y_loss: 0.4978 - lr: 2.0000e-04 - 143s/epoch - 149ms/step
Epoch 28/200
962/962 - 143s - G_loss: 3.4126 - F_loss: 4.2656 - D_X_loss: 0.5541 - D_Y_loss: 0.5502 - lr: 2.0000e-04 - 143s/epoch - 149ms/step
Epoch 29/200
962/962 - 143s - G_loss: 2.8210 - F_loss: 3.3237 - D_X_loss: 0.5995 - D_Y_loss: 0.6151 - lr: 2.0000e-04 - 143s/epoch - 149ms/step
Epoch 30/200
962/962 - 143s - G_loss: 2.9281 - F_loss: 3.1167 - D_X_loss: 0.5762 - D_Y_loss: 0.6121 - lr: 2.0000e-04 - 143s/epoch - 149ms/step
Epoch 31/200
962/962 - 143s - G_loss: 2.3323 - F_loss: 2.3563 - D_X_loss: 0.7433 - D_Y_loss: 0.7518 - lr: 2.0000e-04 - 143s/epoch - 149ms/step
Epoch 32/200
962/962 - 143s - G_loss: 2.7405 - F_loss: 3.2314 - D_X_loss: 0.8218 - D_Y_loss: 0.8696 - lr: 2.0000e-04 - 143s/epoch - 149ms/step
Epoch 33/200
962/962 - 143s - G_loss: 2.6219 - F_loss: 2.8896 - D_X_loss: 0.8622 - D_Y_loss: 0.7922 - lr: 2.0000e-04 - 143s/epoch - 149ms/step
Epoch 34/200
962/962 - 143s - G_loss: 3.3290 - F_loss: 3.2603 - D_X_loss: 0.5919 - D_Y_loss: 0.5889 - lr: 2.0000e-04 - 143s/epoch - 149ms/step
Epoch 35/200
962/962 - 143s - G_loss: 2.7026 - F_loss: 2.3306 - D_X_loss: 0.5070 - D_Y_loss: 0.6016 - lr: 2.0000e-04 - 143s/epoch - 149ms/step
Epoch 36/200
962/962 - 143s - G_loss: 2.8324 - F_loss: 3.2417 - D_X_loss: 0.8039 - D_Y_loss: 0.7821 - lr: 2.0000e-04 - 143s/epoch - 149ms/step
Epoch 37/200
962/962 - 143s - G_loss: 2.3173 - F_loss: 2.8093 - D_X_loss: 0.6310 - D_Y_loss: 0.6567 - lr: 2.0000e-04 - 143s/epoch - 149ms/step
Epoch 38/200
962/962 - 143s - G_loss: 2.7002 - F_loss: 2.0382 - D_X_loss: 0.8155 - D_Y_loss: 0.6341 - lr: 2.0000e-04 - 143s/epoch - 149ms/step
Epoch 39/200
962/962 - 143s - G_loss: 3.3375 - F_loss: 3.3790 - D_X_loss: 0.5658 - D_Y_loss: 0.6347 - lr: 2.0000e-04 - 143s/epoch - 149ms/step
Epoch 40/200
962/962 - 143s - G_loss: 2.7947 - F_loss: 2.4815 - D_X_loss: 0.6284 - D_Y_loss: 0.6744 - lr: 2.0000e-04 - 143s/epoch - 149ms/step
Epoch 41/200
962/962 - 143s - G_loss: 2.7670 - F_loss: 2.5105 - D_X_loss: 0.5498 - D_Y_loss: 0.5262 - lr: 2.0000e-04 - 143s/epoch - 149ms/step
Epoch 42/200
962/962 - 143s - G_loss: 2.9859 - F_loss: 2.8995 - D_X_loss: 0.5692 - D_Y_loss: 0.4708 - lr: 2.0000e-04 - 143s/epoch - 149ms/step
Epoch 43/200
962/962 - 143s - G_loss: 2.9776 - F_loss: 2.7256 - D_X_loss: 0.7798 - D_Y_loss: 0.7165 - lr: 2.0000e-04 - 143s/epoch - 149ms/step
Epoch 44/200
962/962 - 143s - G_loss: 2.6334 - F_loss: 3.1899 - D_X_loss: 0.7437 - D_Y_loss: 0.6484 - lr: 2.0000e-04 - 143s/epoch - 149ms/step
Epoch 45/200
962/962 - 143s - G_loss: 2.4897 - F_loss: 2.0875 - D_X_loss: 0.5183 - D_Y_loss: 0.6663 - lr: 2.0000e-04 - 143s/epoch - 149ms/step
Epoch 46/200
962/962 - 143s - G_loss: 2.6457 - F_loss: 2.8210 - D_X_loss: 0.6552 - D_Y_loss: 0.7961 - lr: 2.0000e-04 - 143s/epoch - 149ms/step
Epoch 47/200
962/962 - 143s - G_loss: 3.5551 - F_loss: 2.8393 - D_X_loss: 0.5578 - D_Y_loss: 0.5496 - lr: 2.0000e-04 - 143s/epoch - 149ms/step
Epoch 48/200
962/962 - 143s - G_loss: 2.7361 - F_loss: 3.1294 - D_X_loss: 0.7026 - D_Y_loss: 0.6426 - lr: 2.0000e-04 - 143s/epoch - 149ms/step
Epoch 49/200
962/962 - 143s - G_loss: 2.2056 - F_loss: 2.5221 - D_X_loss: 0.7051 - D_Y_loss: 0.8254 - lr: 2.0000e-04 - 143s/epoch - 149ms/step
Epoch 50/200
962/962 - 143s - G_loss: 2.4891 - F_loss: 2.4631 - D_X_loss: 0.8240 - D_Y_loss: 0.7238 - lr: 2.0000e-04 - 143s/epoch - 149ms/step
Epoch 51/200
962/962 - 143s - G_loss: 2.5078 - F_loss: 2.6643 - D_X_loss: 0.6118 - D_Y_loss: 0.5864 - lr: 2.0000e-04 - 143s/epoch - 149ms/step
Epoch 52/200
962/962 - 143s - G_loss: 3.2459 - F_loss: 3.3105 - D_X_loss: 0.5651 - D_Y_loss: 0.6198 - lr: 2.0000e-04 - 143s/epoch - 149ms/step
Epoch 53/200
962/962 - 143s - G_loss: 2.7991 - F_loss: 2.6537 - D_X_loss: 0.9442 - D_Y_loss: 0.6655 - lr: 2.0000e-04 - 143s/epoch - 149ms/step
Epoch 54/200
962/962 - 143s - G_loss: 2.2451 - F_loss: 2.1720 - D_X_loss: 0.8123 - D_Y_loss: 0.8205 - lr: 2.0000e-04 - 143s/epoch - 149ms/step
Epoch 55/200
962/962 - 143s - G_loss: 2.6201 - F_loss: 2.3195 - D_X_loss: 0.7474 - D_Y_loss: 0.5253 - lr: 2.0000e-04 - 143s/epoch - 149ms/step
Epoch 56/200
962/962 - 143s - G_loss: 2.2559 - F_loss: 2.3927 - D_X_loss: 0.7301 - D_Y_loss: 0.9225 - lr: 2.0000e-04 - 143s/epoch - 149ms/step
Epoch 57/200
962/962 - 143s - G_loss: 2.5437 - F_loss: 2.5705 - D_X_loss: 0.6575 - D_Y_loss: 0.3965 - lr: 2.0000e-04 - 143s/epoch - 149ms/step
Epoch 58/200
962/962 - 143s - G_loss: 2.8958 - F_loss: 2.9620 - D_X_loss: 0.9500 - D_Y_loss: 0.8088 - lr: 2.0000e-04 - 143s/epoch - 149ms/step
Epoch 59/200
962/962 - 143s - G_loss: 2.9693 - F_loss: 2.6552 - D_X_loss: 0.5661 - D_Y_loss: 0.6198 - lr: 2.0000e-04 - 143s/epoch - 149ms/step
Epoch 60/200
962/962 - 143s - G_loss: 2.3486 - F_loss: 2.7210 - D_X_loss: 0.7456 - D_Y_loss: 0.6620 - lr: 2.0000e-04 - 143s/epoch - 149ms/step
Epoch 61/200
962/962 - 143s - G_loss: 2.4296 - F_loss: 2.2523 - D_X_loss: 0.5596 - D_Y_loss: 0.6077 - lr: 2.0000e-04 - 143s/epoch - 149ms/step
Epoch 62/200
962/962 - 143s - G_loss: 2.4145 - F_loss: 2.1091 - D_X_loss: 0.7360 - D_Y_loss: 0.5579 - lr: 2.0000e-04 - 143s/epoch - 149ms/step
Epoch 63/200
962/962 - 143s - G_loss: 2.7358 - F_loss: 2.5902 - D_X_loss: 0.8262 - D_Y_loss: 0.6987 - lr: 2.0000e-04 - 143s/epoch - 149ms/step
Epoch 64/200
962/962 - 143s - G_loss: 2.6447 - F_loss: 3.0872 - D_X_loss: 0.6138 - D_Y_loss: 0.7237 - lr: 2.0000e-04 - 143s/epoch - 149ms/step
Epoch 65/200
962/962 - 143s - G_loss: 3.0124 - F_loss: 3.2429 - D_X_loss: 0.7192 - D_Y_loss: 0.5388 - lr: 2.0000e-04 - 143s/epoch - 149ms/step
Epoch 66/200
962/962 - 143s - G_loss: 2.5980 - F_loss: 2.9102 - D_X_loss: 0.4933 - D_Y_loss: 0.4274 - lr: 2.0000e-04 - 143s/epoch - 149ms/step
Epoch 67/200
962/962 - 143s - G_loss: 2.0735 - F_loss: 2.3537 - D_X_loss: 0.8969 - D_Y_loss: 0.9887 - lr: 2.0000e-04 - 143s/epoch - 149ms/step
Epoch 68/200
962/962 - 143s - G_loss: 2.6218 - F_loss: 2.8472 - D_X_loss: 0.5073 - D_Y_loss: 0.6767 - lr: 2.0000e-04 - 143s/epoch - 149ms/step
Epoch 69/200
962/962 - 143s - G_loss: 2.2460 - F_loss: 3.8383 - D_X_loss: 0.7421 - D_Y_loss: 0.7804 - lr: 2.0000e-04 - 143s/epoch - 149ms/step
Epoch 70/200
962/962 - 143s - G_loss: 2.4128 - F_loss: 2.6848 - D_X_loss: 0.6486 - D_Y_loss: 0.5960 - lr: 2.0000e-04 - 143s/epoch - 149ms/step
Epoch 71/200
962/962 - 143s - G_loss: 2.5015 - F_loss: 3.0345 - D_X_loss: 0.4941 - D_Y_loss: 0.6752 - lr: 2.0000e-04 - 143s/epoch - 149ms/step
Epoch 72/200
962/962 - 143s - G_loss: 3.1055 - F_loss: 2.8870 - D_X_loss: 0.7245 - D_Y_loss: 0.5448 - lr: 2.0000e-04 - 143s/epoch - 149ms/step
Epoch 73/200
962/962 - 143s - G_loss: 3.7112 - F_loss: 3.7751 - D_X_loss: 0.3032 - D_Y_loss: 0.4022 - lr: 2.0000e-04 - 143s/epoch - 149ms/step
Epoch 74/200
962/962 - 143s - G_loss: 2.5672 - F_loss: 2.9020 - D_X_loss: 0.7155 - D_Y_loss: 0.5392 - lr: 2.0000e-04 - 143s/epoch - 149ms/step
Epoch 75/200
962/962 - 143s - G_loss: 2.8012 - F_loss: 2.8811 - D_X_loss: 0.4605 - D_Y_loss: 0.4941 - lr: 2.0000e-04 - 143s/epoch - 149ms/step
Epoch 76/200
962/962 - 143s - G_loss: 3.3972 - F_loss: 2.5052 - D_X_loss: 0.4264 - D_Y_loss: 0.3648 - lr: 2.0000e-04 - 143s/epoch - 149ms/step
Epoch 77/200
962/962 - 143s - G_loss: 3.1097 - F_loss: 3.9002 - D_X_loss: 0.4511 - D_Y_loss: 0.5970 - lr: 2.0000e-04 - 143s/epoch - 149ms/step
Epoch 78/200
962/962 - 143s - G_loss: 2.9343 - F_loss: 3.1277 - D_X_loss: 0.5210 - D_Y_loss: 0.6736 - lr: 2.0000e-04 - 143s/epoch - 149ms/step
Epoch 79/200
962/962 - 143s - G_loss: 2.2968 - F_loss: 3.0090 - D_X_loss: 0.6138 - D_Y_loss: 0.6941 - lr: 2.0000e-04 - 143s/epoch - 149ms/step
Epoch 80/200
962/962 - 143s - G_loss: 2.4329 - F_loss: 2.6476 - D_X_loss: 0.4863 - D_Y_loss: 0.4943 - lr: 2.0000e-04 - 143s/epoch - 149ms/step
Epoch 81/200
962/962 - 143s - G_loss: 2.6786 - F_loss: 2.6273 - D_X_loss: 0.6309 - D_Y_loss: 0.5388 - lr: 2.0000e-04 - 143s/epoch - 149ms/step
Epoch 82/200
962/962 - 143s - G_loss: 2.9958 - F_loss: 2.1956 - D_X_loss: 0.5473 - D_Y_loss: 0.4519 - lr: 2.0000e-04 - 143s/epoch - 149ms/step
Epoch 83/200
962/962 - 143s - G_loss: 2.8852 - F_loss: 3.2914 - D_X_loss: 0.2943 - D_Y_loss: 0.4175 - lr: 2.0000e-04 - 143s/epoch - 149ms/step
Epoch 84/200
962/962 - 143s - G_loss: 3.1473 - F_loss: 3.1016 - D_X_loss: 0.2550 - D_Y_loss: 0.4319 - lr: 2.0000e-04 - 143s/epoch - 149ms/step
Epoch 85/200
962/962 - 143s - G_loss: 2.9782 - F_loss: 2.9379 - D_X_loss: 0.6086 - D_Y_loss: 0.5645 - lr: 2.0000e-04 - 143s/epoch - 149ms/step
Epoch 86/200
962/962 - 143s - G_loss: 4.2506 - F_loss: 3.4253 - D_X_loss: 0.5433 - D_Y_loss: 0.5067 - lr: 2.0000e-04 - 143s/epoch - 149ms/step
Epoch 87/200
962/962 - 143s - G_loss: 2.8927 - F_loss: 2.8669 - D_X_loss: 0.3281 - D_Y_loss: 0.6260 - lr: 2.0000e-04 - 143s/epoch - 149ms/step
Epoch 88/200
962/962 - 143s - G_loss: 2.2233 - F_loss: 2.3729 - D_X_loss: 0.6807 - D_Y_loss: 0.8330 - lr: 2.0000e-04 - 143s/epoch - 149ms/step
Epoch 89/200
962/962 - 143s - G_loss: 2.7706 - F_loss: 2.4966 - D_X_loss: 0.5341 - D_Y_loss: 0.5516 - lr: 2.0000e-04 - 143s/epoch - 149ms/step
Epoch 90/200
962/962 - 143s - G_loss: 3.3520 - F_loss: 3.2778 - D_X_loss: 0.4226 - D_Y_loss: 0.5290 - lr: 2.0000e-04 - 143s/epoch - 149ms/step
Epoch 91/200
962/962 - 143s - G_loss: 2.4626 - F_loss: 3.0051 - D_X_loss: 0.5661 - D_Y_loss: 0.3102 - lr: 2.0000e-04 - 143s/epoch - 149ms/step
Epoch 92/200
962/962 - 143s - G_loss: 2.7959 - F_loss: 2.5675 - D_X_loss: 0.7851 - D_Y_loss: 0.4189 - lr: 2.0000e-04 - 143s/epoch - 149ms/step
Epoch 93/200
962/962 - 143s - G_loss: 3.5456 - F_loss: 2.2808 - D_X_loss: 0.6866 - D_Y_loss: 0.4144 - lr: 2.0000e-04 - 143s/epoch - 149ms/step
Epoch 94/200
962/962 - 143s - G_loss: 2.9288 - F_loss: 2.6175 - D_X_loss: 0.5115 - D_Y_loss: 0.5962 - lr: 2.0000e-04 - 143s/epoch - 149ms/step
Epoch 95/200
962/962 - 143s - G_loss: 2.2330 - F_loss: 2.5892 - D_X_loss: 0.7613 - D_Y_loss: 0.6938 - lr: 2.0000e-04 - 143s/epoch - 149ms/step
Epoch 96/200
962/962 - 143s - G_loss: 2.3998 - F_loss: 3.0511 - D_X_loss: 0.4828 - D_Y_loss: 0.6588 - lr: 2.0000e-04 - 143s/epoch - 149ms/step
Epoch 97/200
962/962 - 143s - G_loss: 2.8015 - F_loss: 3.4355 - D_X_loss: 0.4819 - D_Y_loss: 0.5795 - lr: 2.0000e-04 - 143s/epoch - 149ms/step
Epoch 98/200
962/962 - 143s - G_loss: 3.5175 - F_loss: 3.0114 - D_X_loss: 0.4068 - D_Y_loss: 0.3921 - lr: 2.0000e-04 - 143s/epoch - 149ms/step
Epoch 99/200
962/962 - 143s - G_loss: 2.7109 - F_loss: 3.1485 - D_X_loss: 0.5130 - D_Y_loss: 0.6022 - lr: 2.0000e-04 - 143s/epoch - 149ms/step
Epoch 100/200
962/962 - 143s - G_loss: 2.7004 - F_loss: 3.3217 - D_X_loss: 0.5654 - D_Y_loss: 0.6272 - lr: 2.0000e-04 - 143s/epoch - 149ms/step
Epoch 101/200
962/962 - 143s - G_loss: 2.6696 - F_loss: 1.7464 - D_X_loss: 0.5102 - D_Y_loss: 0.8249 - lr: 2.0000e-04 - 143s/epoch - 149ms/step
Epoch 102/200
962/962 - 143s - G_loss: 3.1299 - F_loss: 3.0860 - D_X_loss: 0.4159 - D_Y_loss: 0.3481 - lr: 1.9800e-04 - 143s/epoch - 149ms/step
Epoch 103/200
962/962 - 143s - G_loss: 3.6446 - F_loss: 3.3566 - D_X_loss: 0.5862 - D_Y_loss: 0.5068 - lr: 1.9600e-04 - 143s/epoch - 149ms/step
Epoch 104/200
962/962 - 143s - G_loss: 3.7482 - F_loss: 3.3161 - D_X_loss: 0.4044 - D_Y_loss: 0.4303 - lr: 1.9400e-04 - 143s/epoch - 149ms/step
Epoch 105/200
962/962 - 143s - G_loss: 4.1275 - F_loss: 3.2831 - D_X_loss: 0.3065 - D_Y_loss: 0.2750 - lr: 1.9200e-04 - 143s/epoch - 149ms/step
Epoch 106/200
962/962 - 143s - G_loss: 2.9775 - F_loss: 2.7425 - D_X_loss: 0.4947 - D_Y_loss: 0.9101 - lr: 1.9000e-04 - 143s/epoch - 149ms/step
Epoch 107/200
962/962 - 143s - G_loss: 2.4726 - F_loss: 3.0975 - D_X_loss: 0.8707 - D_Y_loss: 0.6817 - lr: 1.8800e-04 - 143s/epoch - 149ms/step
Epoch 108/200
962/962 - 143s - G_loss: 2.8452 - F_loss: 3.6596 - D_X_loss: 0.7978 - D_Y_loss: 0.7134 - lr: 1.8600e-04 - 143s/epoch - 149ms/step
Epoch 109/200
962/962 - 143s - G_loss: 2.3824 - F_loss: 3.3602 - D_X_loss: 0.5522 - D_Y_loss: 0.3956 - lr: 1.8400e-04 - 143s/epoch - 149ms/step
Epoch 110/200
962/962 - 143s - G_loss: 3.1563 - F_loss: 3.8149 - D_X_loss: 0.4683 - D_Y_loss: 0.5435 - lr: 1.8200e-04 - 143s/epoch - 149ms/step
Epoch 111/200
962/962 - 143s - G_loss: 2.8168 - F_loss: 3.0162 - D_X_loss: 0.4239 - D_Y_loss: 0.4795 - lr: 1.8000e-04 - 143s/epoch - 149ms/step
Epoch 112/200
962/962 - 143s - G_loss: 3.1517 - F_loss: 2.8718 - D_X_loss: 0.2340 - D_Y_loss: 0.6229 - lr: 1.7800e-04 - 143s/epoch - 149ms/step
Epoch 113/200
962/962 - 143s - G_loss: 2.5114 - F_loss: 3.2111 - D_X_loss: 0.4529 - D_Y_loss: 0.6315 - lr: 1.7600e-04 - 143s/epoch - 149ms/step
Epoch 114/200
962/962 - 143s - G_loss: 3.2388 - F_loss: 2.9782 - D_X_loss: 0.5059 - D_Y_loss: 0.5361 - lr: 1.7400e-04 - 143s/epoch - 149ms/step
Epoch 115/200
962/962 - 143s - G_loss: 2.8067 - F_loss: 3.3228 - D_X_loss: 0.3847 - D_Y_loss: 0.7100 - lr: 1.7200e-04 - 143s/epoch - 149ms/step
Epoch 116/200
962/962 - 143s - G_loss: 3.1918 - F_loss: 3.6425 - D_X_loss: 0.4314 - D_Y_loss: 0.3573 - lr: 1.7000e-04 - 143s/epoch - 149ms/step
Epoch 117/200
962/962 - 143s - G_loss: 3.1053 - F_loss: 2.6016 - D_X_loss: 0.4157 - D_Y_loss: 0.4900 - lr: 1.6800e-04 - 143s/epoch - 149ms/step
Epoch 118/200
962/962 - 143s - G_loss: 3.3978 - F_loss: 3.0161 - D_X_loss: 0.5890 - D_Y_loss: 0.4146 - lr: 1.6600e-04 - 143s/epoch - 149ms/step
Epoch 119/200
962/962 - 143s - G_loss: 2.6190 - F_loss: 2.7902 - D_X_loss: 0.4072 - D_Y_loss: 0.5420 - lr: 1.6400e-04 - 143s/epoch - 149ms/step
Epoch 120/200
962/962 - 143s - G_loss: 2.6955 - F_loss: 2.8739 - D_X_loss: 0.7384 - D_Y_loss: 0.7569 - lr: 1.6200e-04 - 143s/epoch - 149ms/step
Epoch 121/200
962/962 - 143s - G_loss: 2.9615 - F_loss: 2.7054 - D_X_loss: 0.7690 - D_Y_loss: 0.6468 - lr: 1.6000e-04 - 143s/epoch - 149ms/step
Epoch 122/200
962/962 - 143s - G_loss: 3.2299 - F_loss: 2.8835 - D_X_loss: 0.3687 - D_Y_loss: 0.5189 - lr: 1.5800e-04 - 143s/epoch - 149ms/step
Epoch 123/200
962/962 - 143s - G_loss: 3.0439 - F_loss: 2.6399 - D_X_loss: 0.4718 - D_Y_loss: 0.4431 - lr: 1.5600e-04 - 143s/epoch - 149ms/step
Epoch 124/200
962/962 - 143s - G_loss: 3.6992 - F_loss: 3.6480 - D_X_loss: 0.5254 - D_Y_loss: 0.4719 - lr: 1.5400e-04 - 143s/epoch - 149ms/step
Epoch 125/200
962/962 - 143s - G_loss: 2.5144 - F_loss: 2.2984 - D_X_loss: 0.9740 - D_Y_loss: 0.6525 - lr: 1.5200e-04 - 143s/epoch - 149ms/step
Epoch 126/200
962/962 - 143s - G_loss: 2.8338 - F_loss: 2.8389 - D_X_loss: 0.4756 - D_Y_loss: 0.3259 - lr: 1.5000e-04 - 143s/epoch - 149ms/step
Epoch 127/200
962/962 - 143s - G_loss: 3.3180 - F_loss: 3.1702 - D_X_loss: 0.3251 - D_Y_loss: 0.7244 - lr: 1.4800e-04 - 143s/epoch - 149ms/step
Epoch 128/200
962/962 - 143s - G_loss: 3.7925 - F_loss: 4.1732 - D_X_loss: 0.5574 - D_Y_loss: 0.5579 - lr: 1.4600e-04 - 143s/epoch - 149ms/step
Epoch 129/200
962/962 - 143s - G_loss: 3.0431 - F_loss: 2.7630 - D_X_loss: 0.6258 - D_Y_loss: 0.4687 - lr: 1.4400e-04 - 143s/epoch - 149ms/step
Epoch 130/200
962/962 - 143s - G_loss: 3.0844 - F_loss: 3.0865 - D_X_loss: 0.6346 - D_Y_loss: 0.5317 - lr: 1.4200e-04 - 143s/epoch - 149ms/step
Epoch 131/200
962/962 - 143s - G_loss: 3.0358 - F_loss: 3.5070 - D_X_loss: 0.3207 - D_Y_loss: 0.8471 - lr: 1.4000e-04 - 143s/epoch - 149ms/step
Epoch 132/200
962/962 - 143s - G_loss: 3.6424 - F_loss: 3.3177 - D_X_loss: 0.5068 - D_Y_loss: 0.3315 - lr: 1.3800e-04 - 143s/epoch - 149ms/step
Epoch 133/200
962/962 - 143s - G_loss: 2.8282 - F_loss: 3.4858 - D_X_loss: 0.5804 - D_Y_loss: 0.7395 - lr: 1.3600e-04 - 143s/epoch - 149ms/step
Epoch 134/200
962/962 - 143s - G_loss: 3.0337 - F_loss: 2.7136 - D_X_loss: 0.6215 - D_Y_loss: 0.5662 - lr: 1.3400e-04 - 143s/epoch - 149ms/step
Epoch 135/200
962/962 - 143s - G_loss: 4.6202 - F_loss: 4.2304 - D_X_loss: 0.5852 - D_Y_loss: 0.2189 - lr: 1.3200e-04 - 143s/epoch - 149ms/step
Epoch 136/200
962/962 - 143s - G_loss: 3.7276 - F_loss: 3.5995 - D_X_loss: 0.3296 - D_Y_loss: 0.2306 - lr: 1.3000e-04 - 143s/epoch - 149ms/step
Epoch 137/200
962/962 - 143s - G_loss: 3.2591 - F_loss: 3.8099 - D_X_loss: 0.2715 - D_Y_loss: 0.6403 - lr: 1.2800e-04 - 143s/epoch - 149ms/step
Epoch 138/200
962/962 - 143s - G_loss: 3.8914 - F_loss: 3.7056 - D_X_loss: 0.3722 - D_Y_loss: 0.2736 - lr: 1.2600e-04 - 143s/epoch - 149ms/step
Epoch 139/200
962/962 - 143s - G_loss: 3.8372 - F_loss: 3.7737 - D_X_loss: 0.2468 - D_Y_loss: 0.2983 - lr: 1.2400e-04 - 143s/epoch - 149ms/step
Epoch 140/200
962/962 - 143s - G_loss: 2.8439 - F_loss: 3.0228 - D_X_loss: 0.7144 - D_Y_loss: 0.4128 - lr: 1.2200e-04 - 143s/epoch - 149ms/step
Epoch 141/200
962/962 - 143s - G_loss: 3.1307 - F_loss: 2.7155 - D_X_loss: 0.7152 - D_Y_loss: 0.5149 - lr: 1.2000e-04 - 143s/epoch - 149ms/step
Epoch 142/200
962/962 - 143s - G_loss: 4.1195 - F_loss: 4.5034 - D_X_loss: 0.1970 - D_Y_loss: 0.3371 - lr: 1.1800e-04 - 143s/epoch - 149ms/step
Epoch 143/200
962/962 - 143s - G_loss: 3.0544 - F_loss: 3.0033 - D_X_loss: 0.8104 - D_Y_loss: 0.4468 - lr: 1.1600e-04 - 143s/epoch - 149ms/step
Epoch 144/200
962/962 - 143s - G_loss: 3.8519 - F_loss: 2.5077 - D_X_loss: 0.9092 - D_Y_loss: 0.2037 - lr: 1.1400e-04 - 143s/epoch - 149ms/step
Epoch 145/200
962/962 - 143s - G_loss: 3.9120 - F_loss: 3.1362 - D_X_loss: 0.2213 - D_Y_loss: 0.2354 - lr: 1.1200e-04 - 143s/epoch - 149ms/step
Epoch 146/200
962/962 - 143s - G_loss: 4.1408 - F_loss: 3.3125 - D_X_loss: 0.5564 - D_Y_loss: 0.3824 - lr: 1.1000e-04 - 143s/epoch - 149ms/step
Epoch 147/200
962/962 - 143s - G_loss: 2.5613 - F_loss: 3.1991 - D_X_loss: 0.6104 - D_Y_loss: 0.6663 - lr: 1.0800e-04 - 143s/epoch - 149ms/step
Epoch 148/200
962/962 - 143s - G_loss: 4.0299 - F_loss: 3.4015 - D_X_loss: 0.5601 - D_Y_loss: 0.3565 - lr: 1.0600e-04 - 143s/epoch - 149ms/step
Epoch 149/200
962/962 - 143s - G_loss: 4.1944 - F_loss: 4.0339 - D_X_loss: 0.4922 - D_Y_loss: 0.4677 - lr: 1.0400e-04 - 143s/epoch - 149ms/step
Epoch 150/200
962/962 - 143s - G_loss: 4.5375 - F_loss: 3.6303 - D_X_loss: 0.3811 - D_Y_loss: 0.5944 - lr: 1.0200e-04 - 143s/epoch - 148ms/step
Epoch 151/200
962/962 - 143s - G_loss: 3.2227 - F_loss: 3.0442 - D_X_loss: 0.7699 - D_Y_loss: 0.5371 - lr: 1.0000e-04 - 143s/epoch - 148ms/step
Epoch 152/200
962/962 - 143s - G_loss: 3.0213 - F_loss: 3.0604 - D_X_loss: 0.7605 - D_Y_loss: 0.4765 - lr: 9.8000e-05 - 143s/epoch - 148ms/step
Epoch 153/200
962/962 - 143s - G_loss: 3.9789 - F_loss: 3.9339 - D_X_loss: 0.3806 - D_Y_loss: 0.1770 - lr: 9.6000e-05 - 143s/epoch - 148ms/step
Epoch 154/200
962/962 - 143s - G_loss: 2.8845 - F_loss: 2.2522 - D_X_loss: 0.5918 - D_Y_loss: 0.6946 - lr: 9.4000e-05 - 143s/epoch - 148ms/step
Epoch 155/200
962/962 - 143s - G_loss: 3.5913 - F_loss: 3.1276 - D_X_loss: 0.8737 - D_Y_loss: 0.2672 - lr: 9.2000e-05 - 143s/epoch - 148ms/step
Epoch 156/200
962/962 - 143s - G_loss: 2.9304 - F_loss: 3.9277 - D_X_loss: 0.4686 - D_Y_loss: 0.5652 - lr: 9.0000e-05 - 143s/epoch - 148ms/step
Epoch 157/200
962/962 - 143s - G_loss: 3.3568 - F_loss: 3.7377 - D_X_loss: 0.5711 - D_Y_loss: 0.3102 - lr: 8.8000e-05 - 143s/epoch - 148ms/step
Epoch 158/200
962/962 - 143s - G_loss: 3.7888 - F_loss: 2.9065 - D_X_loss: 0.7328 - D_Y_loss: 0.3453 - lr: 8.6000e-05 - 143s/epoch - 148ms/step
Epoch 159/200
962/962 - 143s - G_loss: 4.1754 - F_loss: 4.7104 - D_X_loss: 0.3240 - D_Y_loss: 0.1637 - lr: 8.4000e-05 - 143s/epoch - 148ms/step
Epoch 160/200
962/962 - 142s - G_loss: 3.5440 - F_loss: 2.7141 - D_X_loss: 0.5162 - D_Y_loss: 0.4573 - lr: 8.2000e-05 - 142s/epoch - 148ms/step
Epoch 161/200
962/962 - 143s - G_loss: 3.2216 - F_loss: 3.5600 - D_X_loss: 0.3855 - D_Y_loss: 0.2400 - lr: 8.0000e-05 - 143s/epoch - 148ms/step
Epoch 162/200
962/962 - 143s - G_loss: 3.7259 - F_loss: 3.5487 - D_X_loss: 0.2958 - D_Y_loss: 0.5617 - lr: 7.8000e-05 - 143s/epoch - 148ms/step
Epoch 163/200
962/962 - 143s - G_loss: 3.8667 - F_loss: 3.1319 - D_X_loss: 0.6046 - D_Y_loss: 0.2565 - lr: 7.6000e-05 - 143s/epoch - 148ms/step
Epoch 164/200
962/962 - 143s - G_loss: 4.5646 - F_loss: 3.7300 - D_X_loss: 0.7355 - D_Y_loss: 0.2115 - lr: 7.4000e-05 - 143s/epoch - 148ms/step
Epoch 165/200
962/962 - 143s - G_loss: 4.5106 - F_loss: 4.0139 - D_X_loss: 0.4460 - D_Y_loss: 0.7219 - lr: 7.2000e-05 - 143s/epoch - 148ms/step
Epoch 166/200
962/962 - 143s - G_loss: 3.0822 - F_loss: 4.0850 - D_X_loss: 0.3651 - D_Y_loss: 0.2778 - lr: 7.0000e-05 - 143s/epoch - 148ms/step
Epoch 167/200
962/962 - 143s - G_loss: 3.7592 - F_loss: 3.8150 - D_X_loss: 0.7454 - D_Y_loss: 0.4726 - lr: 6.8000e-05 - 143s/epoch - 148ms/step
Epoch 168/200
962/962 - 143s - G_loss: 3.4458 - F_loss: 3.8523 - D_X_loss: 0.4828 - D_Y_loss: 0.3140 - lr: 6.6000e-05 - 143s/epoch - 148ms/step
Epoch 169/200
962/962 - 143s - G_loss: 3.2069 - F_loss: 3.5697 - D_X_loss: 0.3538 - D_Y_loss: 0.4320 - lr: 6.4000e-05 - 143s/epoch - 148ms/step
Epoch 170/200
962/962 - 143s - G_loss: 4.2893 - F_loss: 4.2498 - D_X_loss: 0.2145 - D_Y_loss: 0.5497 - lr: 6.2000e-05 - 143s/epoch - 148ms/step
Epoch 171/200
962/962 - 143s - G_loss: 3.3385 - F_loss: 2.7114 - D_X_loss: 0.4296 - D_Y_loss: 0.7077 - lr: 6.0000e-05 - 143s/epoch - 148ms/step
Epoch 172/200
962/962 - 143s - G_loss: 3.2209 - F_loss: 3.6437 - D_X_loss: 0.6171 - D_Y_loss: 0.7892 - lr: 5.8000e-05 - 143s/epoch - 148ms/step
Epoch 173/200
962/962 - 143s - G_loss: 4.2007 - F_loss: 2.9866 - D_X_loss: 0.6529 - D_Y_loss: 0.2883 - lr: 5.6000e-05 - 143s/epoch - 148ms/step
Epoch 174/200
962/962 - 143s - G_loss: 4.2049 - F_loss: 4.2690 - D_X_loss: 0.3089 - D_Y_loss: 0.2908 - lr: 5.4000e-05 - 143s/epoch - 148ms/step
Epoch 175/200
962/962 - 143s - G_loss: 3.3829 - F_loss: 4.1940 - D_X_loss: 0.5526 - D_Y_loss: 0.5475 - lr: 5.2000e-05 - 143s/epoch - 148ms/step
Epoch 176/200
962/962 - 143s - G_loss: 4.8048 - F_loss: 5.5970 - D_X_loss: 0.3832 - D_Y_loss: 0.2586 - lr: 5.0000e-05 - 143s/epoch - 148ms/step
Epoch 177/200
962/962 - 143s - G_loss: 3.2305 - F_loss: 3.3647 - D_X_loss: 0.6446 - D_Y_loss: 0.3978 - lr: 4.8000e-05 - 143s/epoch - 148ms/step
Epoch 178/200
962/962 - 143s - G_loss: 3.2566 - F_loss: 3.6583 - D_X_loss: 0.5051 - D_Y_loss: 0.5198 - lr: 4.6000e-05 - 143s/epoch - 148ms/step
Epoch 179/200
962/962 - 143s - G_loss: 4.1894 - F_loss: 3.7726 - D_X_loss: 0.3306 - D_Y_loss: 0.2824 - lr: 4.4000e-05 - 143s/epoch - 148ms/step
Epoch 180/200
962/962 - 143s - G_loss: 3.5655 - F_loss: 3.0741 - D_X_loss: 0.6433 - D_Y_loss: 0.3207 - lr: 4.2000e-05 - 143s/epoch - 148ms/step
Epoch 181/200
962/962 - 143s - G_loss: 3.9373 - F_loss: 3.5055 - D_X_loss: 0.3049 - D_Y_loss: 0.2025 - lr: 4.0000e-05 - 143s/epoch - 148ms/step
Epoch 182/200
962/962 - 143s - G_loss: 3.3906 - F_loss: 3.1019 - D_X_loss: 0.4828 - D_Y_loss: 0.5071 - lr: 3.8000e-05 - 143s/epoch - 148ms/step
Epoch 183/200
962/962 - 143s - G_loss: 4.4493 - F_loss: 4.0829 - D_X_loss: 0.4621 - D_Y_loss: 0.4260 - lr: 3.6000e-05 - 143s/epoch - 148ms/step
Epoch 184/200
962/962 - 143s - G_loss: 4.3589 - F_loss: 3.3914 - D_X_loss: 0.6438 - D_Y_loss: 0.3449 - lr: 3.4000e-05 - 143s/epoch - 148ms/step
Epoch 185/200
962/962 - 143s - G_loss: 4.4013 - F_loss: 4.0260 - D_X_loss: 0.2770 - D_Y_loss: 0.3556 - lr: 3.2000e-05 - 143s/epoch - 148ms/step
Epoch 186/200
962/962 - 143s - G_loss: 4.9021 - F_loss: 3.8354 - D_X_loss: 0.7281 - D_Y_loss: 0.3456 - lr: 3.0000e-05 - 143s/epoch - 148ms/step
Epoch 187/200
962/962 - 143s - G_loss: 4.7215 - F_loss: 3.1300 - D_X_loss: 0.4869 - D_Y_loss: 0.4671 - lr: 2.8000e-05 - 143s/epoch - 148ms/step
Epoch 188/200
962/962 - 143s - G_loss: 3.8977 - F_loss: 4.3677 - D_X_loss: 0.2509 - D_Y_loss: 0.3573 - lr: 2.6000e-05 - 143s/epoch - 148ms/step
Epoch 189/200
962/962 - 143s - G_loss: 2.9298 - F_loss: 2.0044 - D_X_loss: 0.8051 - D_Y_loss: 0.9168 - lr: 2.4000e-05 - 143s/epoch - 148ms/step
Epoch 190/200
962/962 - 143s - G_loss: 3.8753 - F_loss: 3.9058 - D_X_loss: 0.3985 - D_Y_loss: 0.3186 - lr: 2.2000e-05 - 143s/epoch - 148ms/step
Epoch 191/200
962/962 - 143s - G_loss: 3.4501 - F_loss: 3.9007 - D_X_loss: 0.4002 - D_Y_loss: 0.4754 - lr: 2.0000e-05 - 143s/epoch - 148ms/step
Epoch 192/200
962/962 - 143s - G_loss: 3.4731 - F_loss: 3.6029 - D_X_loss: 0.4629 - D_Y_loss: 0.6230 - lr: 1.8000e-05 - 143s/epoch - 148ms/step
Epoch 193/200
962/962 - 143s - G_loss: 4.9837 - F_loss: 3.7588 - D_X_loss: 0.3316 - D_Y_loss: 0.1827 - lr: 1.6000e-05 - 143s/epoch - 148ms/step
Epoch 194/200
962/962 - 143s - G_loss: 4.3021 - F_loss: 3.7058 - D_X_loss: 0.5800 - D_Y_loss: 0.5686 - lr: 1.4000e-05 - 143s/epoch - 148ms/step
Epoch 195/200
962/962 - 143s - G_loss: 6.8406 - F_loss: 5.4561 - D_X_loss: 0.2205 - D_Y_loss: 0.3758 - lr: 1.2000e-05 - 143s/epoch - 148ms/step
Epoch 196/200
962/962 - 143s - G_loss: 3.5932 - F_loss: 4.6147 - D_X_loss: 0.4291 - D_Y_loss: 0.2630 - lr: 1.0000e-05 - 143s/epoch - 148ms/step
Epoch 197/200
962/962 - 143s - G_loss: 4.5078 - F_loss: 3.6864 - D_X_loss: 0.3987 - D_Y_loss: 0.3570 - lr: 8.0000e-06 - 143s/epoch - 148ms/step
Epoch 198/200
962/962 - 143s - G_loss: 4.2744 - F_loss: 4.2209 - D_X_loss: 0.2381 - D_Y_loss: 0.3643 - lr: 6.0000e-06 - 143s/epoch - 148ms/step
Epoch 199/200
962/962 - 143s - G_loss: 4.0302 - F_loss: 3.9083 - D_X_loss: 0.4529 - D_Y_loss: 0.2138 - lr: 4.0000e-06 - 143s/epoch - 148ms/step
Epoch 200/200
962/962 - 143s - G_loss: 3.7717 - F_loss: 2.3760 - D_X_loss: 0.8362 - D_Y_loss: 0.1634 - lr: 2.0000e-06 - 143s/epoch - 148ms/step
/home/jglane/.conda/envs/cent7/2020.11-py38/my_tf_env/lib/python3.8/site-packages/tensorflow_addons/utils/tfa_eol_msg.py:23: UserWarning: 

TensorFlow Addons (TFA) has ended development and introduction of new features.
TFA has entered a minimal maintenance and release mode until a planned end of life in May 2024.
Please modify downstream libraries to take dependencies from other repositories in our TensorFlow community (e.g. Keras, Keras-CV, and Keras-NLP). 

For more information see: https://github.com/tensorflow/addons/issues/2807 

  warnings.warn(
/home/jglane/.conda/envs/cent7/2020.11-py38/my_tf_env/lib/python3.8/site-packages/keras/backend.py:5703: UserWarning: "`binary_crossentropy` received `from_logits=True`, but the `output` argument was produced by a Sigmoid activation and thus does not represent logits. Was this intended?
  output, from_logits = _get_logits(
WARNING:tensorflow:Compiled the loaded model, but the compiled metrics have yet to be built. `model.compile_metrics` will be empty until you train or evaluate the model.
WARNING:tensorflow:Compiled the loaded model, but the compiled metrics have yet to be built. `model.compile_metrics` will be empty until you train or evaluate the model.
2023-04-22 10:13:12.057518: I tensorflow/core/common_runtime/executor.cc:1197] [/device:CPU:0] (DEBUG INFO) Executor start aborting (this does not indicate an error and you can ignore this message): INVALID_ARGUMENT: You must feed a value for placeholder tensor 'inputs' with dtype float and shape [?,?,?,256]
	 [[{{node inputs}}]]
2023-04-22 10:13:12.076076: I tensorflow/core/common_runtime/executor.cc:1197] [/device:CPU:0] (DEBUG INFO) Executor start aborting (this does not indicate an error and you can ignore this message): INVALID_ARGUMENT: You must feed a value for placeholder tensor 'inputs' with dtype float and shape [?,?,?,128]
	 [[{{node inputs}}]]
2023-04-22 10:13:13.304229: I tensorflow/core/common_runtime/executor.cc:1197] [/device:CPU:0] (DEBUG INFO) Executor start aborting (this does not indicate an error and you can ignore this message): INVALID_ARGUMENT: You must feed a value for placeholder tensor 'inputs' with dtype float and shape [?,?,?,256]
	 [[{{node inputs}}]]
2023-04-22 10:13:13.346348: I tensorflow/core/common_runtime/executor.cc:1197] [/device:CPU:0] (DEBUG INFO) Executor start aborting (this does not indicate an error and you can ignore this message): INVALID_ARGUMENT: You must feed a value for placeholder tensor 'inputs' with dtype float and shape [?,?,?,128]
	 [[{{node inputs}}]]
WARNING:absl:Found untraced functions such as _jit_compiled_convolution_op, _jit_compiled_convolution_op, _jit_compiled_convolution_op, _jit_compiled_convolution_op, _jit_compiled_convolution_op while saving (showing 5 of 24). These functions will not be directly callable after loading.
WARNING:tensorflow:Compiled the loaded model, but the compiled metrics have yet to be built. `model.compile_metrics` will be empty until you train or evaluate the model.
WARNING:tensorflow:Compiled the loaded model, but the compiled metrics have yet to be built. `model.compile_metrics` will be empty until you train or evaluate the model.
2023-04-22 10:13:15.118161: I tensorflow/core/common_runtime/executor.cc:1197] [/device:CPU:0] (DEBUG INFO) Executor start aborting (this does not indicate an error and you can ignore this message): INVALID_ARGUMENT: You must feed a value for placeholder tensor 'inputs' with dtype float and shape [?,?,?,256]
	 [[{{node inputs}}]]
2023-04-22 10:13:15.136465: I tensorflow/core/common_runtime/executor.cc:1197] [/device:CPU:0] (DEBUG INFO) Executor start aborting (this does not indicate an error and you can ignore this message): INVALID_ARGUMENT: You must feed a value for placeholder tensor 'inputs' with dtype float and shape [?,?,?,128]
	 [[{{node inputs}}]]
2023-04-22 10:13:16.328163: I tensorflow/core/common_runtime/executor.cc:1197] [/device:CPU:0] (DEBUG INFO) Executor start aborting (this does not indicate an error and you can ignore this message): INVALID_ARGUMENT: You must feed a value for placeholder tensor 'inputs' with dtype float and shape [?,?,?,256]
	 [[{{node inputs}}]]
2023-04-22 10:13:16.370801: I tensorflow/core/common_runtime/executor.cc:1197] [/device:CPU:0] (DEBUG INFO) Executor start aborting (this does not indicate an error and you can ignore this message): INVALID_ARGUMENT: You must feed a value for placeholder tensor 'inputs' with dtype float and shape [?,?,?,128]
	 [[{{node inputs}}]]
WARNING:absl:Found untraced functions such as _jit_compiled_convolution_op, _jit_compiled_convolution_op, _jit_compiled_convolution_op, _jit_compiled_convolution_op, _jit_compiled_convolution_op while saving (showing 5 of 24). These functions will not be directly callable after loading.
