The following modules were not unloaded:
  (Use "module --force purge" to unload all):

  1) xalt/1.1.2
2023-04-24 20:32:17.812489: I tensorflow/core/platform/cpu_feature_guard.cc:182] This TensorFlow binary is optimized to use available CPU instructions in performance-critical operations.
To enable the following instructions: AVX2 FMA, in other operations, rebuild TensorFlow with the appropriate compiler flags.
2023-04-24 20:32:18.968301: W tensorflow/compiler/tf2tensorrt/utils/py_utils.cc:38] TF-TRT Warning: Could not find TensorRT
2023-04-24 20:32:24.299837: I tensorflow/core/common_runtime/gpu/gpu_device.cc:1635] Created device /job:localhost/replica:0/task:0/device:GPU:0 with 20607 MB memory:  -> device: 0, name: NVIDIA A10, pci bus id: 0000:25:00.0, compute capability: 8.6
2023-04-24 20:32:24.301004: I tensorflow/core/common_runtime/gpu/gpu_device.cc:1635] Created device /job:localhost/replica:0/task:0/device:GPU:1 with 20607 MB memory:  -> device: 1, name: NVIDIA A10, pci bus id: 0000:81:00.0, compute capability: 8.6
2023-04-24 20:32:24.301822: I tensorflow/core/common_runtime/gpu/gpu_device.cc:1635] Created device /job:localhost/replica:0/task:0/device:GPU:2 with 20607 MB memory:  -> device: 2, name: NVIDIA A10, pci bus id: 0000:e2:00.0, compute capability: 8.6
2023-04-24 20:32:25.809541: I tensorflow/core/common_runtime/executor.cc:1197] [/device:CPU:0] (DEBUG INFO) Executor start aborting (this does not indicate an error and you can ignore this message): INVALID_ARGUMENT: You must feed a value for placeholder tensor 'Placeholder/_35' with dtype string and shape [1]
	 [[{{node Placeholder/_35}}]]
2023-04-24 20:32:25.810057: I tensorflow/core/common_runtime/executor.cc:1197] [/device:CPU:0] (DEBUG INFO) Executor start aborting (this does not indicate an error and you can ignore this message): INVALID_ARGUMENT: You must feed a value for placeholder tensor 'Placeholder/_34' with dtype string and shape [1]
	 [[{{node Placeholder/_34}}]]
Epoch 1/200
2023-04-24 20:32:49.127553: I tensorflow/compiler/xla/stream_executor/cuda/cuda_dnn.cc:424] Loaded cuDNN version 8600
2023-04-24 20:32:52.566454: I tensorflow/compiler/xla/service/service.cc:169] XLA service 0x2b8f63ad37b0 initialized for platform CUDA (this does not guarantee that XLA will be used). Devices:
2023-04-24 20:32:52.566528: I tensorflow/compiler/xla/service/service.cc:177]   StreamExecutor device (0): NVIDIA A10, Compute Capability 8.6
2023-04-24 20:32:52.566534: I tensorflow/compiler/xla/service/service.cc:177]   StreamExecutor device (1): NVIDIA A10, Compute Capability 8.6
2023-04-24 20:32:52.566537: I tensorflow/compiler/xla/service/service.cc:177]   StreamExecutor device (2): NVIDIA A10, Compute Capability 8.6
2023-04-24 20:32:52.610523: I tensorflow/compiler/mlir/tensorflow/utils/dump_mlir_util.cc:269] disabling MLIR crash reproducer, set env var `MLIR_CRASH_REPRODUCER_DIRECTORY` to enable.
2023-04-24 20:32:52.888672: I ./tensorflow/compiler/jit/device_compiler.h:180] Compiled cluster using XLA!  This line is logged at most once for the lifetime of the process.
995/995 - 184s - G_loss: 7.1645 - F_loss: 7.1174 - D_X_loss: 0.5822 - D_Y_loss: 0.9984 - lr: 2.0000e-04 - 184s/epoch - 185ms/step
Epoch 2/200
995/995 - 148s - G_loss: 6.0136 - F_loss: 6.0211 - D_X_loss: 0.9016 - D_Y_loss: 0.6167 - lr: 2.0000e-04 - 148s/epoch - 149ms/step
Epoch 3/200
995/995 - 148s - G_loss: 4.9929 - F_loss: 5.7285 - D_X_loss: 0.8365 - D_Y_loss: 0.6744 - lr: 2.0000e-04 - 148s/epoch - 148ms/step
Epoch 4/200
995/995 - 148s - G_loss: 6.3147 - F_loss: 5.8618 - D_X_loss: 0.6319 - D_Y_loss: 0.6992 - lr: 2.0000e-04 - 148s/epoch - 148ms/step
Epoch 5/200
995/995 - 148s - G_loss: 5.7656 - F_loss: 5.4729 - D_X_loss: 0.4893 - D_Y_loss: 0.2623 - lr: 2.0000e-04 - 148s/epoch - 148ms/step
Epoch 6/200
995/995 - 148s - G_loss: 3.8302 - F_loss: 3.7905 - D_X_loss: 0.5592 - D_Y_loss: 0.7473 - lr: 2.0000e-04 - 148s/epoch - 148ms/step
Epoch 7/200
995/995 - 147s - G_loss: 4.2277 - F_loss: 3.5740 - D_X_loss: 0.6126 - D_Y_loss: 0.5306 - lr: 2.0000e-04 - 147s/epoch - 148ms/step
Epoch 8/200
995/995 - 147s - G_loss: 4.6000 - F_loss: 4.9614 - D_X_loss: 0.6377 - D_Y_loss: 0.8103 - lr: 2.0000e-04 - 147s/epoch - 148ms/step
Epoch 9/200
995/995 - 147s - G_loss: 5.0849 - F_loss: 5.1167 - D_X_loss: 0.7381 - D_Y_loss: 0.7023 - lr: 2.0000e-04 - 147s/epoch - 148ms/step
Epoch 10/200
995/995 - 147s - G_loss: 4.3170 - F_loss: 4.1159 - D_X_loss: 0.9662 - D_Y_loss: 0.5897 - lr: 2.0000e-04 - 147s/epoch - 148ms/step
Epoch 11/200
995/995 - 147s - G_loss: 4.5559 - F_loss: 4.4560 - D_X_loss: 0.8193 - D_Y_loss: 0.8386 - lr: 2.0000e-04 - 147s/epoch - 148ms/step
Epoch 12/200
995/995 - 147s - G_loss: 3.7440 - F_loss: 3.8834 - D_X_loss: 0.6119 - D_Y_loss: 0.6033 - lr: 2.0000e-04 - 147s/epoch - 148ms/step
Epoch 13/200
995/995 - 147s - G_loss: 4.3810 - F_loss: 3.8214 - D_X_loss: 0.6566 - D_Y_loss: 0.4782 - lr: 2.0000e-04 - 147s/epoch - 148ms/step
Epoch 14/200
995/995 - 147s - G_loss: 4.1451 - F_loss: 4.5496 - D_X_loss: 0.6656 - D_Y_loss: 0.8517 - lr: 2.0000e-04 - 147s/epoch - 148ms/step
Epoch 15/200
995/995 - 147s - G_loss: 4.8185 - F_loss: 4.8698 - D_X_loss: 0.7930 - D_Y_loss: 0.7279 - lr: 2.0000e-04 - 147s/epoch - 148ms/step
Epoch 16/200
995/995 - 147s - G_loss: 4.5344 - F_loss: 3.7818 - D_X_loss: 0.7667 - D_Y_loss: 0.8804 - lr: 2.0000e-04 - 147s/epoch - 148ms/step
Epoch 17/200
995/995 - 147s - G_loss: 3.9791 - F_loss: 3.9966 - D_X_loss: 0.5261 - D_Y_loss: 0.5638 - lr: 2.0000e-04 - 147s/epoch - 148ms/step
Epoch 18/200
995/995 - 147s - G_loss: 4.5680 - F_loss: 4.0920 - D_X_loss: 0.8151 - D_Y_loss: 0.5197 - lr: 2.0000e-04 - 147s/epoch - 148ms/step
Epoch 19/200
995/995 - 147s - G_loss: 3.8563 - F_loss: 4.0898 - D_X_loss: 1.1049 - D_Y_loss: 0.8971 - lr: 2.0000e-04 - 147s/epoch - 148ms/step
Epoch 20/200
995/995 - 147s - G_loss: 3.3890 - F_loss: 3.4309 - D_X_loss: 0.5236 - D_Y_loss: 0.7418 - lr: 2.0000e-04 - 147s/epoch - 148ms/step
Epoch 21/200
995/995 - 147s - G_loss: 3.3425 - F_loss: 3.5920 - D_X_loss: 0.5486 - D_Y_loss: 0.6073 - lr: 2.0000e-04 - 147s/epoch - 148ms/step
Epoch 22/200
995/995 - 147s - G_loss: 2.6238 - F_loss: 2.9125 - D_X_loss: 0.6748 - D_Y_loss: 0.6316 - lr: 2.0000e-04 - 147s/epoch - 148ms/step
Epoch 23/200
995/995 - 147s - G_loss: 4.3958 - F_loss: 3.6814 - D_X_loss: 0.7124 - D_Y_loss: 0.5810 - lr: 2.0000e-04 - 147s/epoch - 148ms/step
Epoch 24/200
995/995 - 147s - G_loss: 4.4117 - F_loss: 3.1558 - D_X_loss: 0.7060 - D_Y_loss: 0.6882 - lr: 2.0000e-04 - 147s/epoch - 148ms/step
Epoch 25/200
995/995 - 147s - G_loss: 3.4122 - F_loss: 3.1752 - D_X_loss: 0.7942 - D_Y_loss: 0.8661 - lr: 2.0000e-04 - 147s/epoch - 148ms/step
Epoch 26/200
995/995 - 147s - G_loss: 3.7727 - F_loss: 4.2509 - D_X_loss: 0.8211 - D_Y_loss: 0.6660 - lr: 2.0000e-04 - 147s/epoch - 148ms/step
Epoch 27/200
995/995 - 147s - G_loss: 5.1136 - F_loss: 5.4049 - D_X_loss: 0.3584 - D_Y_loss: 0.4699 - lr: 2.0000e-04 - 147s/epoch - 148ms/step
Epoch 28/200
995/995 - 147s - G_loss: 2.9083 - F_loss: 2.6807 - D_X_loss: 0.4152 - D_Y_loss: 0.4892 - lr: 2.0000e-04 - 147s/epoch - 148ms/step
Epoch 29/200
995/995 - 147s - G_loss: 3.0668 - F_loss: 3.6418 - D_X_loss: 0.7610 - D_Y_loss: 0.6232 - lr: 2.0000e-04 - 147s/epoch - 148ms/step
Epoch 30/200
995/995 - 147s - G_loss: 4.1892 - F_loss: 3.8980 - D_X_loss: 0.5340 - D_Y_loss: 0.3440 - lr: 2.0000e-04 - 147s/epoch - 148ms/step
Epoch 31/200
995/995 - 147s - G_loss: 3.4734 - F_loss: 3.4328 - D_X_loss: 0.6027 - D_Y_loss: 0.4570 - lr: 2.0000e-04 - 147s/epoch - 148ms/step
Epoch 32/200
995/995 - 147s - G_loss: 3.1633 - F_loss: 3.3299 - D_X_loss: 0.7274 - D_Y_loss: 0.8852 - lr: 2.0000e-04 - 147s/epoch - 148ms/step
Epoch 33/200
995/995 - 147s - G_loss: 3.5624 - F_loss: 3.8154 - D_X_loss: 0.5057 - D_Y_loss: 0.5004 - lr: 2.0000e-04 - 147s/epoch - 148ms/step
Epoch 34/200
995/995 - 147s - G_loss: 3.4816 - F_loss: 3.0098 - D_X_loss: 0.7220 - D_Y_loss: 0.6762 - lr: 2.0000e-04 - 147s/epoch - 148ms/step
Epoch 35/200
995/995 - 147s - G_loss: 3.6208 - F_loss: 3.4730 - D_X_loss: 0.7468 - D_Y_loss: 0.4707 - lr: 2.0000e-04 - 147s/epoch - 148ms/step
Epoch 36/200
995/995 - 147s - G_loss: 3.6395 - F_loss: 3.1441 - D_X_loss: 0.6626 - D_Y_loss: 0.5461 - lr: 2.0000e-04 - 147s/epoch - 148ms/step
Epoch 37/200
995/995 - 147s - G_loss: 3.1103 - F_loss: 3.3201 - D_X_loss: 0.9064 - D_Y_loss: 0.6638 - lr: 2.0000e-04 - 147s/epoch - 148ms/step
Epoch 38/200
995/995 - 147s - G_loss: 3.3265 - F_loss: 3.7131 - D_X_loss: 0.6566 - D_Y_loss: 0.3891 - lr: 2.0000e-04 - 147s/epoch - 148ms/step
Epoch 39/200
995/995 - 147s - G_loss: 3.5353 - F_loss: 3.6294 - D_X_loss: 0.5362 - D_Y_loss: 0.4918 - lr: 2.0000e-04 - 147s/epoch - 148ms/step
Epoch 40/200
995/995 - 147s - G_loss: 3.8758 - F_loss: 3.3192 - D_X_loss: 0.6475 - D_Y_loss: 0.5217 - lr: 2.0000e-04 - 147s/epoch - 148ms/step
Epoch 41/200
995/995 - 147s - G_loss: 2.6437 - F_loss: 2.7589 - D_X_loss: 0.6511 - D_Y_loss: 0.7339 - lr: 2.0000e-04 - 147s/epoch - 148ms/step
Epoch 42/200
995/995 - 147s - G_loss: 3.7042 - F_loss: 3.9405 - D_X_loss: 0.7530 - D_Y_loss: 0.9727 - lr: 2.0000e-04 - 147s/epoch - 148ms/step
Epoch 43/200
995/995 - 147s - G_loss: 3.3298 - F_loss: 3.7223 - D_X_loss: 0.6660 - D_Y_loss: 0.6812 - lr: 2.0000e-04 - 147s/epoch - 148ms/step
Epoch 44/200
995/995 - 147s - G_loss: 3.1956 - F_loss: 3.3038 - D_X_loss: 0.6172 - D_Y_loss: 0.4100 - lr: 2.0000e-04 - 147s/epoch - 147ms/step
Epoch 45/200
995/995 - 147s - G_loss: 2.1737 - F_loss: 2.3121 - D_X_loss: 0.6646 - D_Y_loss: 0.7988 - lr: 2.0000e-04 - 147s/epoch - 147ms/step
Epoch 46/200
995/995 - 147s - G_loss: 3.2237 - F_loss: 3.2307 - D_X_loss: 0.4645 - D_Y_loss: 0.5775 - lr: 2.0000e-04 - 147s/epoch - 147ms/step
Epoch 47/200
995/995 - 147s - G_loss: 2.9001 - F_loss: 3.1317 - D_X_loss: 0.6232 - D_Y_loss: 0.6161 - lr: 2.0000e-04 - 147s/epoch - 147ms/step
Epoch 48/200
995/995 - 147s - G_loss: 3.2325 - F_loss: 2.8357 - D_X_loss: 0.5464 - D_Y_loss: 0.6302 - lr: 2.0000e-04 - 147s/epoch - 147ms/step
Epoch 49/200
995/995 - 147s - G_loss: 2.6300 - F_loss: 3.4983 - D_X_loss: 0.5987 - D_Y_loss: 0.6299 - lr: 2.0000e-04 - 147s/epoch - 147ms/step
Epoch 50/200
995/995 - 147s - G_loss: 4.4580 - F_loss: 3.5651 - D_X_loss: 0.6970 - D_Y_loss: 0.8401 - lr: 2.0000e-04 - 147s/epoch - 147ms/step
Epoch 51/200
995/995 - 147s - G_loss: 3.2312 - F_loss: 3.6164 - D_X_loss: 0.6400 - D_Y_loss: 0.5589 - lr: 2.0000e-04 - 147s/epoch - 147ms/step
Epoch 52/200
995/995 - 147s - G_loss: 2.6222 - F_loss: 3.3869 - D_X_loss: 0.7344 - D_Y_loss: 0.4612 - lr: 2.0000e-04 - 147s/epoch - 147ms/step
Epoch 53/200
995/995 - 147s - G_loss: 2.9740 - F_loss: 2.6186 - D_X_loss: 0.5392 - D_Y_loss: 0.4949 - lr: 2.0000e-04 - 147s/epoch - 147ms/step
Epoch 54/200
995/995 - 147s - G_loss: 3.3213 - F_loss: 3.1337 - D_X_loss: 0.7944 - D_Y_loss: 0.6962 - lr: 2.0000e-04 - 147s/epoch - 147ms/step
Epoch 55/200
995/995 - 147s - G_loss: 2.9257 - F_loss: 3.1387 - D_X_loss: 0.6617 - D_Y_loss: 0.4239 - lr: 2.0000e-04 - 147s/epoch - 147ms/step
Epoch 56/200
995/995 - 147s - G_loss: 3.2738 - F_loss: 3.9514 - D_X_loss: 0.4911 - D_Y_loss: 0.6093 - lr: 2.0000e-04 - 147s/epoch - 147ms/step
Epoch 57/200
995/995 - 147s - G_loss: 2.7047 - F_loss: 2.8262 - D_X_loss: 0.3210 - D_Y_loss: 0.4006 - lr: 2.0000e-04 - 147s/epoch - 147ms/step
Epoch 58/200
995/995 - 147s - G_loss: 3.8336 - F_loss: 3.8638 - D_X_loss: 0.5225 - D_Y_loss: 0.4538 - lr: 2.0000e-04 - 147s/epoch - 147ms/step
Epoch 59/200
995/995 - 147s - G_loss: 2.9176 - F_loss: 3.3002 - D_X_loss: 0.6257 - D_Y_loss: 0.4643 - lr: 2.0000e-04 - 147s/epoch - 147ms/step
Epoch 60/200
995/995 - 147s - G_loss: 3.5605 - F_loss: 2.9971 - D_X_loss: 0.3719 - D_Y_loss: 0.2857 - lr: 2.0000e-04 - 147s/epoch - 147ms/step
Epoch 61/200
995/995 - 147s - G_loss: 3.1148 - F_loss: 2.8906 - D_X_loss: 0.9748 - D_Y_loss: 0.8832 - lr: 2.0000e-04 - 147s/epoch - 147ms/step
Epoch 62/200
995/995 - 147s - G_loss: 3.3809 - F_loss: 3.6874 - D_X_loss: 0.6243 - D_Y_loss: 0.6240 - lr: 2.0000e-04 - 147s/epoch - 147ms/step
Epoch 63/200
995/995 - 147s - G_loss: 3.0800 - F_loss: 2.9268 - D_X_loss: 0.5118 - D_Y_loss: 0.4430 - lr: 2.0000e-04 - 147s/epoch - 147ms/step
Epoch 64/200
995/995 - 147s - G_loss: 2.9424 - F_loss: 2.2258 - D_X_loss: 1.0028 - D_Y_loss: 0.4120 - lr: 2.0000e-04 - 147s/epoch - 147ms/step
Epoch 65/200
995/995 - 147s - G_loss: 2.3837 - F_loss: 2.3298 - D_X_loss: 0.7366 - D_Y_loss: 0.8549 - lr: 2.0000e-04 - 147s/epoch - 147ms/step
Epoch 66/200
995/995 - 147s - G_loss: 3.3039 - F_loss: 3.8150 - D_X_loss: 0.5310 - D_Y_loss: 0.4633 - lr: 2.0000e-04 - 147s/epoch - 147ms/step
Epoch 67/200
995/995 - 147s - G_loss: 2.8135 - F_loss: 2.7981 - D_X_loss: 0.6928 - D_Y_loss: 0.9334 - lr: 2.0000e-04 - 147s/epoch - 147ms/step
Epoch 68/200
995/995 - 147s - G_loss: 3.7920 - F_loss: 2.7708 - D_X_loss: 0.4386 - D_Y_loss: 0.5193 - lr: 2.0000e-04 - 147s/epoch - 147ms/step
Epoch 69/200
995/995 - 147s - G_loss: 2.9224 - F_loss: 3.0649 - D_X_loss: 0.4978 - D_Y_loss: 0.6531 - lr: 2.0000e-04 - 147s/epoch - 147ms/step
Epoch 70/200
995/995 - 147s - G_loss: 2.9021 - F_loss: 3.4625 - D_X_loss: 0.4462 - D_Y_loss: 0.5842 - lr: 2.0000e-04 - 147s/epoch - 147ms/step
Epoch 71/200
995/995 - 147s - G_loss: 2.8544 - F_loss: 3.0593 - D_X_loss: 0.4544 - D_Y_loss: 0.2619 - lr: 2.0000e-04 - 147s/epoch - 147ms/step
Epoch 72/200
995/995 - 146s - G_loss: 3.1559 - F_loss: 2.9725 - D_X_loss: 0.5092 - D_Y_loss: 0.5220 - lr: 2.0000e-04 - 146s/epoch - 147ms/step
Epoch 73/200
995/995 - 147s - G_loss: 2.3264 - F_loss: 3.1211 - D_X_loss: 0.6038 - D_Y_loss: 0.5441 - lr: 2.0000e-04 - 147s/epoch - 147ms/step
Epoch 74/200
995/995 - 147s - G_loss: 3.6863 - F_loss: 3.7207 - D_X_loss: 0.6630 - D_Y_loss: 0.5200 - lr: 2.0000e-04 - 147s/epoch - 147ms/step
Epoch 75/200
995/995 - 147s - G_loss: 3.9471 - F_loss: 3.7149 - D_X_loss: 0.3964 - D_Y_loss: 0.3159 - lr: 2.0000e-04 - 147s/epoch - 147ms/step
Epoch 76/200
995/995 - 147s - G_loss: 3.4084 - F_loss: 3.6207 - D_X_loss: 0.7854 - D_Y_loss: 0.7962 - lr: 2.0000e-04 - 147s/epoch - 147ms/step
Epoch 77/200
995/995 - 147s - G_loss: 2.8955 - F_loss: 3.1361 - D_X_loss: 0.8215 - D_Y_loss: 0.8058 - lr: 2.0000e-04 - 147s/epoch - 147ms/step
Epoch 78/200
995/995 - 147s - G_loss: 3.4456 - F_loss: 2.7987 - D_X_loss: 0.4298 - D_Y_loss: 0.2929 - lr: 2.0000e-04 - 147s/epoch - 147ms/step
Epoch 79/200
995/995 - 147s - G_loss: 3.1938 - F_loss: 3.1324 - D_X_loss: 0.5908 - D_Y_loss: 0.4835 - lr: 2.0000e-04 - 147s/epoch - 147ms/step
Epoch 80/200
995/995 - 147s - G_loss: 2.7347 - F_loss: 2.6232 - D_X_loss: 0.9040 - D_Y_loss: 1.0168 - lr: 2.0000e-04 - 147s/epoch - 147ms/step
Epoch 81/200
995/995 - 147s - G_loss: 3.0876 - F_loss: 2.7856 - D_X_loss: 0.5984 - D_Y_loss: 0.6220 - lr: 2.0000e-04 - 147s/epoch - 147ms/step
Epoch 82/200
995/995 - 147s - G_loss: 2.4946 - F_loss: 2.5655 - D_X_loss: 0.6247 - D_Y_loss: 0.9475 - lr: 2.0000e-04 - 147s/epoch - 147ms/step
Epoch 83/200
995/995 - 147s - G_loss: 3.0433 - F_loss: 3.2301 - D_X_loss: 0.6959 - D_Y_loss: 0.5513 - lr: 2.0000e-04 - 147s/epoch - 147ms/step
Epoch 84/200
995/995 - 147s - G_loss: 4.1396 - F_loss: 4.2612 - D_X_loss: 0.7439 - D_Y_loss: 0.4179 - lr: 2.0000e-04 - 147s/epoch - 147ms/step
Epoch 85/200
995/995 - 147s - G_loss: 4.5444 - F_loss: 3.4709 - D_X_loss: 0.3100 - D_Y_loss: 0.4049 - lr: 2.0000e-04 - 147s/epoch - 147ms/step
Epoch 86/200
995/995 - 147s - G_loss: 3.6787 - F_loss: 2.7940 - D_X_loss: 0.5550 - D_Y_loss: 0.5631 - lr: 2.0000e-04 - 147s/epoch - 147ms/step
Epoch 87/200
995/995 - 147s - G_loss: 3.6507 - F_loss: 3.1848 - D_X_loss: 0.3117 - D_Y_loss: 0.5239 - lr: 2.0000e-04 - 147s/epoch - 147ms/step
Epoch 88/200
995/995 - 147s - G_loss: 2.9704 - F_loss: 3.4858 - D_X_loss: 0.5064 - D_Y_loss: 0.4480 - lr: 2.0000e-04 - 147s/epoch - 147ms/step
Epoch 89/200
995/995 - 147s - G_loss: 3.3262 - F_loss: 3.5091 - D_X_loss: 0.7025 - D_Y_loss: 0.5882 - lr: 2.0000e-04 - 147s/epoch - 147ms/step
Epoch 90/200
995/995 - 147s - G_loss: 2.9536 - F_loss: 3.0863 - D_X_loss: 0.9985 - D_Y_loss: 0.8865 - lr: 2.0000e-04 - 147s/epoch - 147ms/step
Epoch 91/200
995/995 - 147s - G_loss: 3.9001 - F_loss: 3.0529 - D_X_loss: 0.5683 - D_Y_loss: 0.4606 - lr: 2.0000e-04 - 147s/epoch - 147ms/step
Epoch 92/200
995/995 - 147s - G_loss: 3.1830 - F_loss: 2.9551 - D_X_loss: 0.3815 - D_Y_loss: 0.4562 - lr: 2.0000e-04 - 147s/epoch - 147ms/step
Epoch 93/200
995/995 - 147s - G_loss: 4.8417 - F_loss: 3.5548 - D_X_loss: 0.3531 - D_Y_loss: 0.2777 - lr: 2.0000e-04 - 147s/epoch - 147ms/step
Epoch 94/200
995/995 - 147s - G_loss: 2.8372 - F_loss: 3.0430 - D_X_loss: 0.4749 - D_Y_loss: 0.6666 - lr: 2.0000e-04 - 147s/epoch - 147ms/step
Epoch 95/200
995/995 - 147s - G_loss: 3.2707 - F_loss: 3.2043 - D_X_loss: 0.5964 - D_Y_loss: 0.6093 - lr: 2.0000e-04 - 147s/epoch - 147ms/step
Epoch 96/200
995/995 - 147s - G_loss: 3.6276 - F_loss: 3.4232 - D_X_loss: 0.6781 - D_Y_loss: 0.6581 - lr: 2.0000e-04 - 147s/epoch - 147ms/step
Epoch 97/200
995/995 - 147s - G_loss: 2.8660 - F_loss: 2.0419 - D_X_loss: 0.6997 - D_Y_loss: 0.9150 - lr: 2.0000e-04 - 147s/epoch - 147ms/step
Epoch 98/200
995/995 - 147s - G_loss: 3.7942 - F_loss: 3.0312 - D_X_loss: 0.6125 - D_Y_loss: 0.7529 - lr: 2.0000e-04 - 147s/epoch - 147ms/step
Epoch 99/200
995/995 - 147s - G_loss: 2.4254 - F_loss: 2.7556 - D_X_loss: 0.7316 - D_Y_loss: 0.7552 - lr: 2.0000e-04 - 147s/epoch - 147ms/step
Epoch 100/200
995/995 - 147s - G_loss: 3.7537 - F_loss: 3.3520 - D_X_loss: 0.4548 - D_Y_loss: 0.7554 - lr: 2.0000e-04 - 147s/epoch - 147ms/step
Epoch 101/200
995/995 - 147s - G_loss: 3.3516 - F_loss: 2.6668 - D_X_loss: 0.7333 - D_Y_loss: 0.5776 - lr: 2.0000e-04 - 147s/epoch - 147ms/step
Epoch 102/200
995/995 - 147s - G_loss: 3.2111 - F_loss: 3.4720 - D_X_loss: 0.5505 - D_Y_loss: 0.6082 - lr: 1.9800e-04 - 147s/epoch - 147ms/step
Epoch 103/200
995/995 - 147s - G_loss: 3.7443 - F_loss: 4.0448 - D_X_loss: 0.6362 - D_Y_loss: 0.5105 - lr: 1.9600e-04 - 147s/epoch - 147ms/step
Epoch 104/200
995/995 - 147s - G_loss: 2.4613 - F_loss: 2.7339 - D_X_loss: 0.4859 - D_Y_loss: 0.5823 - lr: 1.9400e-04 - 147s/epoch - 147ms/step
Epoch 105/200
995/995 - 147s - G_loss: 4.1890 - F_loss: 4.8216 - D_X_loss: 0.5021 - D_Y_loss: 0.7024 - lr: 1.9200e-04 - 147s/epoch - 147ms/step
Epoch 106/200
995/995 - 147s - G_loss: 3.3982 - F_loss: 3.5160 - D_X_loss: 0.7513 - D_Y_loss: 0.3271 - lr: 1.9000e-04 - 147s/epoch - 147ms/step
Epoch 107/200
995/995 - 147s - G_loss: 2.9670 - F_loss: 3.8181 - D_X_loss: 0.2826 - D_Y_loss: 0.6453 - lr: 1.8800e-04 - 147s/epoch - 147ms/step
Epoch 108/200
995/995 - 147s - G_loss: 4.0579 - F_loss: 3.9317 - D_X_loss: 0.6472 - D_Y_loss: 0.5006 - lr: 1.8600e-04 - 147s/epoch - 147ms/step
Epoch 109/200
995/995 - 147s - G_loss: 3.9269 - F_loss: 4.7029 - D_X_loss: 0.2667 - D_Y_loss: 0.2968 - lr: 1.8400e-04 - 147s/epoch - 147ms/step
Epoch 110/200
995/995 - 147s - G_loss: 3.5675 - F_loss: 4.2880 - D_X_loss: 0.5694 - D_Y_loss: 0.3674 - lr: 1.8200e-04 - 147s/epoch - 147ms/step
Epoch 111/200
995/995 - 147s - G_loss: 3.4688 - F_loss: 2.7864 - D_X_loss: 0.9170 - D_Y_loss: 0.4877 - lr: 1.8000e-04 - 147s/epoch - 147ms/step
Epoch 112/200
995/995 - 147s - G_loss: 3.6898 - F_loss: 3.6537 - D_X_loss: 0.4672 - D_Y_loss: 0.3640 - lr: 1.7800e-04 - 147s/epoch - 147ms/step
Epoch 113/200
995/995 - 147s - G_loss: 4.0760 - F_loss: 2.9712 - D_X_loss: 0.4775 - D_Y_loss: 0.5872 - lr: 1.7600e-04 - 147s/epoch - 147ms/step
Epoch 114/200
995/995 - 147s - G_loss: 3.7736 - F_loss: 3.7553 - D_X_loss: 0.4150 - D_Y_loss: 0.3182 - lr: 1.7400e-04 - 147s/epoch - 147ms/step
Epoch 115/200
995/995 - 147s - G_loss: 3.9608 - F_loss: 3.6087 - D_X_loss: 0.5589 - D_Y_loss: 0.7095 - lr: 1.7200e-04 - 147s/epoch - 147ms/step
Epoch 116/200
995/995 - 147s - G_loss: 3.6959 - F_loss: 3.6673 - D_X_loss: 0.4123 - D_Y_loss: 0.2880 - lr: 1.7000e-04 - 147s/epoch - 147ms/step
Epoch 117/200
995/995 - 147s - G_loss: 2.1088 - F_loss: 2.9319 - D_X_loss: 0.2924 - D_Y_loss: 0.8736 - lr: 1.6800e-04 - 147s/epoch - 147ms/step
Epoch 118/200
995/995 - 147s - G_loss: 3.6004 - F_loss: 4.4499 - D_X_loss: 0.3899 - D_Y_loss: 0.4207 - lr: 1.6600e-04 - 147s/epoch - 147ms/step
Epoch 119/200
995/995 - 147s - G_loss: 3.1517 - F_loss: 3.5869 - D_X_loss: 0.4430 - D_Y_loss: 0.5190 - lr: 1.6400e-04 - 147s/epoch - 147ms/step
Epoch 120/200
995/995 - 147s - G_loss: 3.9975 - F_loss: 3.7388 - D_X_loss: 0.4612 - D_Y_loss: 0.3319 - lr: 1.6200e-04 - 147s/epoch - 147ms/step
Epoch 121/200
995/995 - 147s - G_loss: 3.6262 - F_loss: 2.7072 - D_X_loss: 0.3413 - D_Y_loss: 0.6198 - lr: 1.6000e-04 - 147s/epoch - 147ms/step
Epoch 122/200
995/995 - 147s - G_loss: 4.8235 - F_loss: 4.3773 - D_X_loss: 0.7218 - D_Y_loss: 0.4211 - lr: 1.5800e-04 - 147s/epoch - 147ms/step
Epoch 123/200
995/995 - 147s - G_loss: 4.0195 - F_loss: 3.8977 - D_X_loss: 0.2967 - D_Y_loss: 0.4643 - lr: 1.5600e-04 - 147s/epoch - 147ms/step
Epoch 124/200
995/995 - 147s - G_loss: 3.5169 - F_loss: 3.3401 - D_X_loss: 0.4372 - D_Y_loss: 0.3663 - lr: 1.5400e-04 - 147s/epoch - 147ms/step
Epoch 125/200
995/995 - 147s - G_loss: 4.5613 - F_loss: 4.2711 - D_X_loss: 0.7922 - D_Y_loss: 0.3144 - lr: 1.5200e-04 - 147s/epoch - 147ms/step
Epoch 126/200
995/995 - 147s - G_loss: 5.2265 - F_loss: 3.7287 - D_X_loss: 0.5475 - D_Y_loss: 0.3776 - lr: 1.5000e-04 - 147s/epoch - 147ms/step
Epoch 127/200
995/995 - 147s - G_loss: 3.3015 - F_loss: 3.3676 - D_X_loss: 0.5307 - D_Y_loss: 0.5501 - lr: 1.4800e-04 - 147s/epoch - 147ms/step
Epoch 128/200
995/995 - 147s - G_loss: 3.8040 - F_loss: 3.0264 - D_X_loss: 0.6073 - D_Y_loss: 0.1569 - lr: 1.4600e-04 - 147s/epoch - 147ms/step
Epoch 129/200
995/995 - 147s - G_loss: 4.1825 - F_loss: 4.0854 - D_X_loss: 0.2380 - D_Y_loss: 0.2543 - lr: 1.4400e-04 - 147s/epoch - 147ms/step
Epoch 130/200
995/995 - 147s - G_loss: 3.6225 - F_loss: 3.3551 - D_X_loss: 0.4870 - D_Y_loss: 0.3909 - lr: 1.4200e-04 - 147s/epoch - 147ms/step
Epoch 131/200
995/995 - 147s - G_loss: 3.9034 - F_loss: 3.7353 - D_X_loss: 0.5091 - D_Y_loss: 0.6120 - lr: 1.4000e-04 - 147s/epoch - 147ms/step
Epoch 132/200
995/995 - 147s - G_loss: 2.4061 - F_loss: 2.6775 - D_X_loss: 0.3753 - D_Y_loss: 0.7354 - lr: 1.3800e-04 - 147s/epoch - 147ms/step
Epoch 133/200
995/995 - 147s - G_loss: 3.4912 - F_loss: 3.1497 - D_X_loss: 0.5615 - D_Y_loss: 0.1862 - lr: 1.3600e-04 - 147s/epoch - 147ms/step
Epoch 134/200
995/995 - 147s - G_loss: 4.2978 - F_loss: 4.9825 - D_X_loss: 0.4119 - D_Y_loss: 0.3192 - lr: 1.3400e-04 - 147s/epoch - 147ms/step
Epoch 135/200
995/995 - 147s - G_loss: 3.2930 - F_loss: 3.7635 - D_X_loss: 0.5508 - D_Y_loss: 0.7323 - lr: 1.3200e-04 - 147s/epoch - 147ms/step
Epoch 136/200
995/995 - 147s - G_loss: 3.8788 - F_loss: 3.5585 - D_X_loss: 0.4823 - D_Y_loss: 0.3233 - lr: 1.3000e-04 - 147s/epoch - 147ms/step
Epoch 137/200
995/995 - 147s - G_loss: 4.1031 - F_loss: 4.2045 - D_X_loss: 0.2533 - D_Y_loss: 0.3114 - lr: 1.2800e-04 - 147s/epoch - 147ms/step
Epoch 138/200
995/995 - 147s - G_loss: 2.6421 - F_loss: 3.1321 - D_X_loss: 0.3401 - D_Y_loss: 0.5671 - lr: 1.2600e-04 - 147s/epoch - 147ms/step
Epoch 139/200
995/995 - 147s - G_loss: 3.5623 - F_loss: 4.3330 - D_X_loss: 0.4059 - D_Y_loss: 0.5531 - lr: 1.2400e-04 - 147s/epoch - 147ms/step
Epoch 140/200
995/995 - 147s - G_loss: 3.8026 - F_loss: 3.6135 - D_X_loss: 0.5792 - D_Y_loss: 0.5726 - lr: 1.2200e-04 - 147s/epoch - 147ms/step
Epoch 141/200
995/995 - 147s - G_loss: 4.2756 - F_loss: 4.8162 - D_X_loss: 0.3842 - D_Y_loss: 0.3351 - lr: 1.2000e-04 - 147s/epoch - 147ms/step
Epoch 142/200
995/995 - 147s - G_loss: 4.7449 - F_loss: 4.2692 - D_X_loss: 0.4259 - D_Y_loss: 0.1923 - lr: 1.1800e-04 - 147s/epoch - 147ms/step
Epoch 143/200
995/995 - 147s - G_loss: 3.7770 - F_loss: 3.1729 - D_X_loss: 0.8410 - D_Y_loss: 0.4218 - lr: 1.1600e-04 - 147s/epoch - 147ms/step
Epoch 144/200
995/995 - 147s - G_loss: 3.0258 - F_loss: 3.2489 - D_X_loss: 0.3305 - D_Y_loss: 0.4583 - lr: 1.1400e-04 - 147s/epoch - 147ms/step
Epoch 145/200
995/995 - 147s - G_loss: 3.1292 - F_loss: 3.8134 - D_X_loss: 1.0961 - D_Y_loss: 0.6016 - lr: 1.1200e-04 - 147s/epoch - 147ms/step
Epoch 146/200
995/995 - 147s - G_loss: 4.9051 - F_loss: 4.2987 - D_X_loss: 0.8262 - D_Y_loss: 0.4169 - lr: 1.1000e-04 - 147s/epoch - 147ms/step
Epoch 147/200
995/995 - 147s - G_loss: 3.6643 - F_loss: 2.8753 - D_X_loss: 0.2631 - D_Y_loss: 0.1957 - lr: 1.0800e-04 - 147s/epoch - 147ms/step
Epoch 148/200
995/995 - 147s - G_loss: 3.5720 - F_loss: 3.7551 - D_X_loss: 0.4856 - D_Y_loss: 0.4365 - lr: 1.0600e-04 - 147s/epoch - 147ms/step
Epoch 149/200
995/995 - 147s - G_loss: 4.4129 - F_loss: 4.2242 - D_X_loss: 0.8520 - D_Y_loss: 0.3574 - lr: 1.0400e-04 - 147s/epoch - 147ms/step
Epoch 150/200
995/995 - 147s - G_loss: 4.1752 - F_loss: 3.2642 - D_X_loss: 0.4771 - D_Y_loss: 0.5132 - lr: 1.0200e-04 - 147s/epoch - 147ms/step
Epoch 151/200
995/995 - 147s - G_loss: 4.0100 - F_loss: 3.0015 - D_X_loss: 0.6662 - D_Y_loss: 0.3607 - lr: 1.0000e-04 - 147s/epoch - 147ms/step
Epoch 152/200
995/995 - 147s - G_loss: 3.2601 - F_loss: 4.2425 - D_X_loss: 0.2813 - D_Y_loss: 1.0199 - lr: 9.8000e-05 - 147s/epoch - 147ms/step
Epoch 153/200
995/995 - 147s - G_loss: 3.4125 - F_loss: 3.5007 - D_X_loss: 0.2713 - D_Y_loss: 0.4321 - lr: 9.6000e-05 - 147s/epoch - 147ms/step
Epoch 154/200
995/995 - 147s - G_loss: 4.1064 - F_loss: 3.6341 - D_X_loss: 0.3027 - D_Y_loss: 0.2184 - lr: 9.4000e-05 - 147s/epoch - 147ms/step
Epoch 155/200
995/995 - 147s - G_loss: 4.8868 - F_loss: 4.9864 - D_X_loss: 0.7495 - D_Y_loss: 0.8966 - lr: 9.2000e-05 - 147s/epoch - 147ms/step
Epoch 156/200
995/995 - 147s - G_loss: 3.6744 - F_loss: 4.4615 - D_X_loss: 0.3489 - D_Y_loss: 0.5011 - lr: 9.0000e-05 - 147s/epoch - 147ms/step
Epoch 157/200
995/995 - 147s - G_loss: 4.4166 - F_loss: 4.1920 - D_X_loss: 0.5223 - D_Y_loss: 0.4923 - lr: 8.8000e-05 - 147s/epoch - 147ms/step
Epoch 158/200
995/995 - 147s - G_loss: 4.7097 - F_loss: 5.5850 - D_X_loss: 0.3962 - D_Y_loss: 0.4293 - lr: 8.6000e-05 - 147s/epoch - 147ms/step
Epoch 159/200
995/995 - 147s - G_loss: 5.7573 - F_loss: 6.6703 - D_X_loss: 0.2545 - D_Y_loss: 0.2357 - lr: 8.4000e-05 - 147s/epoch - 147ms/step
Epoch 160/200
995/995 - 147s - G_loss: 3.6291 - F_loss: 3.5800 - D_X_loss: 0.5011 - D_Y_loss: 0.4506 - lr: 8.2000e-05 - 147s/epoch - 147ms/step
Epoch 161/200
995/995 - 147s - G_loss: 4.5011 - F_loss: 5.1754 - D_X_loss: 0.6308 - D_Y_loss: 0.3682 - lr: 8.0000e-05 - 147s/epoch - 148ms/step
Epoch 162/200
995/995 - 147s - G_loss: 3.9543 - F_loss: 3.4274 - D_X_loss: 0.5037 - D_Y_loss: 0.5635 - lr: 7.8000e-05 - 147s/epoch - 147ms/step
Epoch 163/200
995/995 - 147s - G_loss: 4.3433 - F_loss: 4.8107 - D_X_loss: 0.3102 - D_Y_loss: 0.2647 - lr: 7.6000e-05 - 147s/epoch - 148ms/step
Epoch 164/200
995/995 - 147s - G_loss: 3.6857 - F_loss: 4.3058 - D_X_loss: 0.4256 - D_Y_loss: 0.4435 - lr: 7.4000e-05 - 147s/epoch - 147ms/step
Epoch 165/200
995/995 - 147s - G_loss: 3.9743 - F_loss: 3.5425 - D_X_loss: 0.4424 - D_Y_loss: 0.5467 - lr: 7.2000e-05 - 147s/epoch - 147ms/step
Epoch 166/200
995/995 - 147s - G_loss: 3.8101 - F_loss: 3.9056 - D_X_loss: 0.4384 - D_Y_loss: 0.2665 - lr: 7.0000e-05 - 147s/epoch - 147ms/step
Epoch 167/200
995/995 - 147s - G_loss: 3.0468 - F_loss: 3.9924 - D_X_loss: 0.3735 - D_Y_loss: 0.6727 - lr: 6.8000e-05 - 147s/epoch - 148ms/step
Epoch 168/200
995/995 - 147s - G_loss: 4.6779 - F_loss: 5.5227 - D_X_loss: 0.5279 - D_Y_loss: 0.1909 - lr: 6.6000e-05 - 147s/epoch - 148ms/step
Epoch 169/200
995/995 - 147s - G_loss: 4.0376 - F_loss: 5.2669 - D_X_loss: 0.3763 - D_Y_loss: 0.3670 - lr: 6.4000e-05 - 147s/epoch - 147ms/step
Epoch 170/200
995/995 - 147s - G_loss: 4.2644 - F_loss: 4.2587 - D_X_loss: 0.3478 - D_Y_loss: 0.1992 - lr: 6.2000e-05 - 147s/epoch - 148ms/step
Epoch 171/200
995/995 - 147s - G_loss: 5.0104 - F_loss: 3.4336 - D_X_loss: 0.2769 - D_Y_loss: 0.6276 - lr: 6.0000e-05 - 147s/epoch - 147ms/step
Epoch 172/200
995/995 - 147s - G_loss: 4.2227 - F_loss: 4.7114 - D_X_loss: 0.1545 - D_Y_loss: 0.2295 - lr: 5.8000e-05 - 147s/epoch - 147ms/step
Epoch 173/200
995/995 - 147s - G_loss: 4.9790 - F_loss: 4.1911 - D_X_loss: 0.2580 - D_Y_loss: 0.4262 - lr: 5.6000e-05 - 147s/epoch - 147ms/step
Epoch 174/200
995/995 - 147s - G_loss: 4.5462 - F_loss: 3.8670 - D_X_loss: 0.8681 - D_Y_loss: 0.6311 - lr: 5.4000e-05 - 147s/epoch - 147ms/step
Epoch 175/200
995/995 - 147s - G_loss: 5.3580 - F_loss: 3.2516 - D_X_loss: 0.4148 - D_Y_loss: 0.4670 - lr: 5.2000e-05 - 147s/epoch - 147ms/step
Epoch 176/200
995/995 - 147s - G_loss: 4.0305 - F_loss: 4.4337 - D_X_loss: 0.3728 - D_Y_loss: 0.2343 - lr: 5.0000e-05 - 147s/epoch - 147ms/step
Epoch 177/200
995/995 - 147s - G_loss: 3.7161 - F_loss: 3.9948 - D_X_loss: 0.2949 - D_Y_loss: 0.5744 - lr: 4.8000e-05 - 147s/epoch - 148ms/step
Epoch 178/200
995/995 - 147s - G_loss: 5.8272 - F_loss: 7.2151 - D_X_loss: 0.2258 - D_Y_loss: 0.4492 - lr: 4.6000e-05 - 147s/epoch - 147ms/step
Epoch 179/200
995/995 - 147s - G_loss: 4.8225 - F_loss: 5.3103 - D_X_loss: 0.4883 - D_Y_loss: 0.1329 - lr: 4.4000e-05 - 147s/epoch - 147ms/step
Epoch 180/200
995/995 - 147s - G_loss: 4.8013 - F_loss: 3.8829 - D_X_loss: 0.6857 - D_Y_loss: 0.1639 - lr: 4.2000e-05 - 147s/epoch - 147ms/step
Epoch 181/200
995/995 - 147s - G_loss: 5.0033 - F_loss: 2.3544 - D_X_loss: 0.7560 - D_Y_loss: 0.5690 - lr: 4.0000e-05 - 147s/epoch - 147ms/step
Epoch 182/200
995/995 - 147s - G_loss: 4.4311 - F_loss: 5.0441 - D_X_loss: 0.5122 - D_Y_loss: 0.4009 - lr: 3.8000e-05 - 147s/epoch - 147ms/step
Epoch 183/200
995/995 - 147s - G_loss: 4.9381 - F_loss: 3.0596 - D_X_loss: 0.3738 - D_Y_loss: 0.3009 - lr: 3.6000e-05 - 147s/epoch - 147ms/step
Epoch 184/200
995/995 - 147s - G_loss: 2.5677 - F_loss: 3.8203 - D_X_loss: 0.6798 - D_Y_loss: 0.5301 - lr: 3.4000e-05 - 147s/epoch - 147ms/step
Epoch 185/200
995/995 - 147s - G_loss: 4.3337 - F_loss: 3.8371 - D_X_loss: 0.7318 - D_Y_loss: 0.1125 - lr: 3.2000e-05 - 147s/epoch - 147ms/step
Epoch 186/200
995/995 - 147s - G_loss: 4.2040 - F_loss: 3.8586 - D_X_loss: 0.4513 - D_Y_loss: 0.2781 - lr: 3.0000e-05 - 147s/epoch - 147ms/step
Epoch 187/200
995/995 - 147s - G_loss: 4.3098 - F_loss: 3.4325 - D_X_loss: 0.8037 - D_Y_loss: 0.2032 - lr: 2.8000e-05 - 147s/epoch - 147ms/step
Epoch 188/200
995/995 - 147s - G_loss: 3.8441 - F_loss: 3.0980 - D_X_loss: 0.5347 - D_Y_loss: 0.7765 - lr: 2.6000e-05 - 147s/epoch - 147ms/step
Epoch 189/200
995/995 - 147s - G_loss: 6.4193 - F_loss: 4.0330 - D_X_loss: 0.2443 - D_Y_loss: 0.1815 - lr: 2.4000e-05 - 147s/epoch - 147ms/step
Epoch 190/200
995/995 - 147s - G_loss: 3.8607 - F_loss: 3.8877 - D_X_loss: 0.5267 - D_Y_loss: 0.4901 - lr: 2.2000e-05 - 147s/epoch - 147ms/step
Epoch 191/200
995/995 - 147s - G_loss: 3.3018 - F_loss: 3.8539 - D_X_loss: 0.5603 - D_Y_loss: 0.9738 - lr: 2.0000e-05 - 147s/epoch - 147ms/step
Epoch 192/200
995/995 - 147s - G_loss: 4.1106 - F_loss: 4.7532 - D_X_loss: 0.9350 - D_Y_loss: 0.2478 - lr: 1.8000e-05 - 147s/epoch - 147ms/step
Epoch 193/200
995/995 - 147s - G_loss: 4.7603 - F_loss: 4.9533 - D_X_loss: 0.4200 - D_Y_loss: 0.2678 - lr: 1.6000e-05 - 147s/epoch - 147ms/step
Epoch 194/200
995/995 - 147s - G_loss: 6.5248 - F_loss: 4.8798 - D_X_loss: 0.4043 - D_Y_loss: 0.4961 - lr: 1.4000e-05 - 147s/epoch - 147ms/step
Epoch 195/200
995/995 - 147s - G_loss: 3.5597 - F_loss: 4.9307 - D_X_loss: 0.4043 - D_Y_loss: 0.9373 - lr: 1.2000e-05 - 147s/epoch - 147ms/step
Epoch 196/200
995/995 - 147s - G_loss: 3.8804 - F_loss: 4.5564 - D_X_loss: 0.3359 - D_Y_loss: 0.2904 - lr: 1.0000e-05 - 147s/epoch - 147ms/step
Epoch 197/200
995/995 - 147s - G_loss: 3.0764 - F_loss: 3.8519 - D_X_loss: 0.3023 - D_Y_loss: 0.6894 - lr: 8.0000e-06 - 147s/epoch - 147ms/step
Epoch 198/200
995/995 - 147s - G_loss: 3.7645 - F_loss: 4.1593 - D_X_loss: 0.5098 - D_Y_loss: 0.3487 - lr: 6.0000e-06 - 147s/epoch - 147ms/step
Epoch 199/200
995/995 - 147s - G_loss: 3.5823 - F_loss: 3.2523 - D_X_loss: 0.5822 - D_Y_loss: 0.5310 - lr: 4.0000e-06 - 147s/epoch - 147ms/step
Epoch 200/200
995/995 - 147s - G_loss: 3.7316 - F_loss: 3.2051 - D_X_loss: 0.7420 - D_Y_loss: 0.4690 - lr: 2.0000e-06 - 147s/epoch - 147ms/step
/home/jglane/.conda/envs/cent7/2020.11-py38/my_tf_env/lib/python3.8/site-packages/tensorflow_addons/utils/tfa_eol_msg.py:23: UserWarning: 

TensorFlow Addons (TFA) has ended development and introduction of new features.
TFA has entered a minimal maintenance and release mode until a planned end of life in May 2024.
Please modify downstream libraries to take dependencies from other repositories in our TensorFlow community (e.g. Keras, Keras-CV, and Keras-NLP). 

For more information see: https://github.com/tensorflow/addons/issues/2807 

  warnings.warn(
/home/jglane/.conda/envs/cent7/2020.11-py38/my_tf_env/lib/python3.8/site-packages/keras/backend.py:5703: UserWarning: "`binary_crossentropy` received `from_logits=True`, but the `output` argument was produced by a Sigmoid activation and thus does not represent logits. Was this intended?
  output, from_logits = _get_logits(
WARNING:tensorflow:Compiled the loaded model, but the compiled metrics have yet to be built. `model.compile_metrics` will be empty until you train or evaluate the model.
WARNING:tensorflow:Compiled the loaded model, but the compiled metrics have yet to be built. `model.compile_metrics` will be empty until you train or evaluate the model.
2023-04-25 07:45:46.871619: I tensorflow/core/common_runtime/executor.cc:1197] [/device:CPU:0] (DEBUG INFO) Executor start aborting (this does not indicate an error and you can ignore this message): INVALID_ARGUMENT: You must feed a value for placeholder tensor 'inputs' with dtype float and shape [?,?,?,256]
	 [[{{node inputs}}]]
2023-04-25 07:45:46.890352: I tensorflow/core/common_runtime/executor.cc:1197] [/device:CPU:0] (DEBUG INFO) Executor start aborting (this does not indicate an error and you can ignore this message): INVALID_ARGUMENT: You must feed a value for placeholder tensor 'inputs' with dtype float and shape [?,?,?,128]
	 [[{{node inputs}}]]
2023-04-25 07:45:48.142803: I tensorflow/core/common_runtime/executor.cc:1197] [/device:CPU:0] (DEBUG INFO) Executor start aborting (this does not indicate an error and you can ignore this message): INVALID_ARGUMENT: You must feed a value for placeholder tensor 'inputs' with dtype float and shape [?,?,?,256]
	 [[{{node inputs}}]]
2023-04-25 07:45:48.185603: I tensorflow/core/common_runtime/executor.cc:1197] [/device:CPU:0] (DEBUG INFO) Executor start aborting (this does not indicate an error and you can ignore this message): INVALID_ARGUMENT: You must feed a value for placeholder tensor 'inputs' with dtype float and shape [?,?,?,128]
	 [[{{node inputs}}]]
WARNING:absl:Found untraced functions such as _jit_compiled_convolution_op, _jit_compiled_convolution_op, _jit_compiled_convolution_op, _jit_compiled_convolution_op, _jit_compiled_convolution_op while saving (showing 5 of 24). These functions will not be directly callable after loading.
WARNING:tensorflow:Compiled the loaded model, but the compiled metrics have yet to be built. `model.compile_metrics` will be empty until you train or evaluate the model.
WARNING:tensorflow:Compiled the loaded model, but the compiled metrics have yet to be built. `model.compile_metrics` will be empty until you train or evaluate the model.
2023-04-25 07:45:50.089628: I tensorflow/core/common_runtime/executor.cc:1197] [/device:CPU:0] (DEBUG INFO) Executor start aborting (this does not indicate an error and you can ignore this message): INVALID_ARGUMENT: You must feed a value for placeholder tensor 'inputs' with dtype float and shape [?,?,?,256]
	 [[{{node inputs}}]]
2023-04-25 07:45:50.108082: I tensorflow/core/common_runtime/executor.cc:1197] [/device:CPU:0] (DEBUG INFO) Executor start aborting (this does not indicate an error and you can ignore this message): INVALID_ARGUMENT: You must feed a value for placeholder tensor 'inputs' with dtype float and shape [?,?,?,128]
	 [[{{node inputs}}]]
2023-04-25 07:45:51.326715: I tensorflow/core/common_runtime/executor.cc:1197] [/device:CPU:0] (DEBUG INFO) Executor start aborting (this does not indicate an error and you can ignore this message): INVALID_ARGUMENT: You must feed a value for placeholder tensor 'inputs' with dtype float and shape [?,?,?,256]
	 [[{{node inputs}}]]
2023-04-25 07:45:51.369473: I tensorflow/core/common_runtime/executor.cc:1197] [/device:CPU:0] (DEBUG INFO) Executor start aborting (this does not indicate an error and you can ignore this message): INVALID_ARGUMENT: You must feed a value for placeholder tensor 'inputs' with dtype float and shape [?,?,?,128]
	 [[{{node inputs}}]]
WARNING:absl:Found untraced functions such as _jit_compiled_convolution_op, _jit_compiled_convolution_op, _jit_compiled_convolution_op, _jit_compiled_convolution_op, _jit_compiled_convolution_op while saving (showing 5 of 24). These functions will not be directly callable after loading.
